2019-07-27 23:41:17,055 INFO org.springframework.boot.StartupInfoLogger [restartedMain] Starting SicecdApplication on MacBook-Pro-de-francisco.local with PID 2775 (/Users/francisco/Documents/fciencias/decimo/servicio/siced/ProyectoUNAM/SICECD/target/classes started by francisco in /Users/francisco/Documents/fciencias/decimo/servicio/siced/ProyectoUNAM/SICECD)
2019-07-27 23:41:17,057 INFO org.springframework.boot.SpringApplication [restartedMain] No active profile set, falling back to default profiles: default
2019-07-27 23:41:17,110 INFO org.springframework.boot.logging.DeferredLog [restartedMain] Devtools property defaults active! Set 'spring.devtools.add-properties' to 'false' to disable
2019-07-27 23:41:17,110 INFO org.springframework.boot.logging.DeferredLog [restartedMain] For additional web related logging consider setting the 'logging.level.web' property to 'DEBUG'
2019-07-27 23:41:18,065 INFO org.springframework.data.repository.config.RepositoryConfigurationDelegate [restartedMain] Bootstrapping Spring Data repositories in DEFAULT mode.
2019-07-27 23:41:18,206 INFO org.springframework.data.repository.config.RepositoryConfigurationDelegate [restartedMain] Finished Spring Data repository scanning in 131ms. Found 21 repository interfaces.
2019-07-27 23:41:18,590 INFO org.springframework.context.support.PostProcessorRegistrationDelegate$BeanPostProcessorChecker [restartedMain] Bean 'org.springframework.transaction.annotation.ProxyTransactionManagementConfiguration' of type [org.springframework.transaction.annotation.ProxyTransactionManagementConfiguration$$EnhancerBySpringCGLIB$$b83c142c] is not eligible for getting processed by all BeanPostProcessors (for example: not eligible for auto-proxying)
2019-07-27 23:41:19,157 INFO org.springframework.boot.web.embedded.tomcat.TomcatWebServer [restartedMain] Tomcat initialized with port(s): 8080 (http)
2019-07-27 23:41:19,171 INFO org.apache.juli.logging.DirectJDKLog [restartedMain] Initializing ProtocolHandler ["http-nio-8080"]
2019-07-27 23:41:19,184 INFO org.apache.juli.logging.DirectJDKLog [restartedMain] Starting service [Tomcat]
2019-07-27 23:41:19,184 INFO org.apache.juli.logging.DirectJDKLog [restartedMain] Starting Servlet engine: [Apache Tomcat/9.0.16]
2019-07-27 23:41:19,191 INFO org.apache.juli.logging.DirectJDKLog [restartedMain] The APR based Apache Tomcat Native library which allows optimal performance in production environments was not found on the java.library.path: [/Users/francisco/Library/Java/Extensions:/Library/Java/Extensions:/Network/Library/Java/Extensions:/System/Library/Java/Extensions:/usr/lib/java:.]
2019-07-27 23:41:19,362 INFO org.apache.juli.logging.DirectJDKLog [restartedMain] Initializing Spring embedded WebApplicationContext
2019-07-27 23:41:19,362 INFO org.springframework.boot.web.servlet.context.ServletWebServerApplicationContext [restartedMain] Root WebApplicationContext: initialization completed in 2251 ms
2019-07-27 23:41:19,655 INFO com.zaxxer.hikari.HikariDataSource [restartedMain] HikariPool-1 - Starting...
2019-07-27 23:41:19,772 INFO com.zaxxer.hikari.HikariDataSource [restartedMain] HikariPool-1 - Start completed.
2019-07-27 23:41:19,824 INFO org.hibernate.jpa.internal.util.LogHelper [restartedMain] HHH000204: Processing PersistenceUnitInfo [
	name: default
	...]
2019-07-27 23:41:19,911 INFO org.hibernate.Version [restartedMain] HHH000412: Hibernate Core {5.3.7.Final}
2019-07-27 23:41:19,914 INFO org.hibernate.cfg.Environment [restartedMain] HHH000206: hibernate.properties not found
2019-07-27 23:41:20,097 INFO org.hibernate.annotations.common.reflection.java.JavaReflectionManager [restartedMain] HCANN000001: Hibernate Commons Annotations {5.0.4.Final}
2019-07-27 23:41:20,281 INFO org.hibernate.dialect.Dialect [restartedMain] HHH000400: Using dialect: org.hibernate.dialect.PostgreSQLDialect
2019-07-27 23:41:20,397 INFO org.hibernate.engine.jdbc.env.internal.LobCreatorBuilderImpl [restartedMain] HHH000421: Disabling contextual LOB creation as hibernate.jdbc.lob.non_contextual_creation is true
2019-07-27 23:41:20,404 INFO org.hibernate.type.BasicTypeRegistry [restartedMain] HHH000270: Type registration [java.util.UUID] overrides previous : org.hibernate.type.UUIDBinaryType@13d66e1e
2019-07-27 23:41:21,411 INFO org.springframework.orm.jpa.AbstractEntityManagerFactoryBean [restartedMain] Initialized JPA EntityManagerFactory for persistence unit 'default'
2019-07-27 23:41:21,481 INFO org.springframework.boot.devtools.autoconfigure.OptionalLiveReloadServer [restartedMain] LiveReload server is running on port 35729
2019-07-27 23:41:21,911 WARN org.springframework.context.support.AbstractApplicationContext [restartedMain] Exception encountered during context initialization - cancelling refresh attempt: org.springframework.beans.factory.BeanCreationException: Error creating bean with name 'batchConfig' defined in file [/Users/francisco/Documents/fciencias/decimo/servicio/siced/ProyectoUNAM/SICECD/target/classes/com/cocay/sicecd/config/BatchConfig.class]: Instantiation of bean failed; nested exception is org.springframework.beans.BeanInstantiationException: Failed to instantiate [com.cocay.sicecd.config.BatchConfig$$EnhancerBySpringCGLIB$$10691eca]: Constructor threw exception; nested exception is java.lang.Error: Unresolved compilation problems: 
	The import com.cocay.sicecd.repo.InscripcionBatchRep cannot be resolved
	The import com.cocay.sicecd.repo.ProfesorBatchRep cannot be resolved
	The import com.cocay.sicecd.step.ProcessorInscripcion cannot be resolved
	The import com.cocay.sicecd.step.ProcessorProfesor cannot be resolved
	The import com.cocay.sicecd.step.WriterInscripcion cannot be resolved
	The import com.cocay.sicecd.step.WriterProfesor cannot be resolved
	ProfesorBatchRep cannot be resolved to a type
	InscripcionBatchRep cannot be resolved to a type
	ProcessorProfesor cannot be resolved to a type
	WriterProfesor cannot be resolved to a type
	ProfesorBatchRep cannot be resolved to a type
	ProcessorInscripcion cannot be resolved to a type
	WriterInscripcion cannot be resolved to a type
	InscripcionBatchRep cannot be resolved to a type

2019-07-27 23:41:21,912 INFO org.springframework.orm.jpa.AbstractEntityManagerFactoryBean [restartedMain] Closing JPA EntityManagerFactory for persistence unit 'default'
2019-07-27 23:41:21,922 INFO com.zaxxer.hikari.HikariDataSource [restartedMain] HikariPool-1 - Shutdown initiated...
2019-07-27 23:41:21,929 INFO com.zaxxer.hikari.HikariDataSource [restartedMain] HikariPool-1 - Shutdown completed.
2019-07-27 23:41:21,932 INFO org.apache.juli.logging.DirectJDKLog [restartedMain] Stopping service [Tomcat]
2019-07-27 23:41:21,950 INFO org.springframework.boot.autoconfigure.logging.ConditionEvaluationReportLoggingListener [restartedMain] 

Error starting ApplicationContext. To display the conditions report re-run your application with 'debug' enabled.
2019-07-27 23:41:21,959 ERROR org.springframework.boot.SpringApplication [restartedMain] Application run failed
org.springframework.beans.factory.BeanCreationException: Error creating bean with name 'batchConfig' defined in file [/Users/francisco/Documents/fciencias/decimo/servicio/siced/ProyectoUNAM/SICECD/target/classes/com/cocay/sicecd/config/BatchConfig.class]: Instantiation of bean failed; nested exception is org.springframework.beans.BeanInstantiationException: Failed to instantiate [com.cocay.sicecd.config.BatchConfig$$EnhancerBySpringCGLIB$$10691eca]: Constructor threw exception; nested exception is java.lang.Error: Unresolved compilation problems: 
	The import com.cocay.sicecd.repo.InscripcionBatchRep cannot be resolved
	The import com.cocay.sicecd.repo.ProfesorBatchRep cannot be resolved
	The import com.cocay.sicecd.step.ProcessorInscripcion cannot be resolved
	The import com.cocay.sicecd.step.ProcessorProfesor cannot be resolved
	The import com.cocay.sicecd.step.WriterInscripcion cannot be resolved
	The import com.cocay.sicecd.step.WriterProfesor cannot be resolved
	ProfesorBatchRep cannot be resolved to a type
	InscripcionBatchRep cannot be resolved to a type
	ProcessorProfesor cannot be resolved to a type
	WriterProfesor cannot be resolved to a type
	ProfesorBatchRep cannot be resolved to a type
	ProcessorInscripcion cannot be resolved to a type
	WriterInscripcion cannot be resolved to a type
	InscripcionBatchRep cannot be resolved to a type

	at org.springframework.beans.factory.support.AbstractAutowireCapableBeanFactory.instantiateBean(AbstractAutowireCapableBeanFactory.java:1287)
	at org.springframework.beans.factory.support.AbstractAutowireCapableBeanFactory.createBeanInstance(AbstractAutowireCapableBeanFactory.java:1181)
	at org.springframework.beans.factory.support.AbstractAutowireCapableBeanFactory.doCreateBean(AbstractAutowireCapableBeanFactory.java:555)
	at org.springframework.beans.factory.support.AbstractAutowireCapableBeanFactory.createBean(AbstractAutowireCapableBeanFactory.java:515)
	at org.springframework.beans.factory.support.AbstractBeanFactory.lambda$doGetBean$0(AbstractBeanFactory.java:320)
	at org.springframework.beans.factory.support.DefaultSingletonBeanRegistry.getSingleton(DefaultSingletonBeanRegistry.java:222)
	at org.springframework.beans.factory.support.AbstractBeanFactory.doGetBean(AbstractBeanFactory.java:318)
	at org.springframework.beans.factory.support.AbstractBeanFactory.getBean(AbstractBeanFactory.java:199)
	at org.springframework.beans.factory.support.DefaultListableBeanFactory.preInstantiateSingletons(DefaultListableBeanFactory.java:849)
	at org.springframework.context.support.AbstractApplicationContext.finishBeanFactoryInitialization(AbstractApplicationContext.java:877)
	at org.springframework.context.support.AbstractApplicationContext.refresh(AbstractApplicationContext.java:549)
	at org.springframework.boot.web.servlet.context.ServletWebServerApplicationContext.refresh(ServletWebServerApplicationContext.java:142)
	at org.springframework.boot.SpringApplication.refresh(SpringApplication.java:775)
	at org.springframework.boot.SpringApplication.refreshContext(SpringApplication.java:397)
	at org.springframework.boot.SpringApplication.run(SpringApplication.java:316)
	at org.springframework.boot.SpringApplication.run(SpringApplication.java:1260)
	at org.springframework.boot.SpringApplication.run(SpringApplication.java:1248)
	at com.cocay.sicecd.SicecdApplication.main(SicecdApplication.java:59)
	at java.base/jdk.internal.reflect.NativeMethodAccessorImpl.invoke0(Native Method)
	at java.base/jdk.internal.reflect.NativeMethodAccessorImpl.invoke(NativeMethodAccessorImpl.java:62)
	at java.base/jdk.internal.reflect.DelegatingMethodAccessorImpl.invoke(DelegatingMethodAccessorImpl.java:43)
	at java.base/java.lang.reflect.Method.invoke(Method.java:566)
	at org.springframework.boot.devtools.restart.RestartLauncher.run(RestartLauncher.java:49)
Caused by: org.springframework.beans.BeanInstantiationException: Failed to instantiate [com.cocay.sicecd.config.BatchConfig$$EnhancerBySpringCGLIB$$10691eca]: Constructor threw exception; nested exception is java.lang.Error: Unresolved compilation problems: 
	The import com.cocay.sicecd.repo.InscripcionBatchRep cannot be resolved
	The import com.cocay.sicecd.repo.ProfesorBatchRep cannot be resolved
	The import com.cocay.sicecd.step.ProcessorInscripcion cannot be resolved
	The import com.cocay.sicecd.step.ProcessorProfesor cannot be resolved
	The import com.cocay.sicecd.step.WriterInscripcion cannot be resolved
	The import com.cocay.sicecd.step.WriterProfesor cannot be resolved
	ProfesorBatchRep cannot be resolved to a type
	InscripcionBatchRep cannot be resolved to a type
	ProcessorProfesor cannot be resolved to a type
	WriterProfesor cannot be resolved to a type
	ProfesorBatchRep cannot be resolved to a type
	ProcessorInscripcion cannot be resolved to a type
	WriterInscripcion cannot be resolved to a type
	InscripcionBatchRep cannot be resolved to a type

	at org.springframework.beans.BeanUtils.instantiateClass(BeanUtils.java:184)
	at org.springframework.beans.factory.support.SimpleInstantiationStrategy.instantiate(SimpleInstantiationStrategy.java:87)
	at org.springframework.beans.factory.support.AbstractAutowireCapableBeanFactory.instantiateBean(AbstractAutowireCapableBeanFactory.java:1279)
	... 22 common frames omitted
Caused by: java.lang.Error: Unresolved compilation problems: 
	The import com.cocay.sicecd.repo.InscripcionBatchRep cannot be resolved
	The import com.cocay.sicecd.repo.ProfesorBatchRep cannot be resolved
	The import com.cocay.sicecd.step.ProcessorInscripcion cannot be resolved
	The import com.cocay.sicecd.step.ProcessorProfesor cannot be resolved
	The import com.cocay.sicecd.step.WriterInscripcion cannot be resolved
	The import com.cocay.sicecd.step.WriterProfesor cannot be resolved
	ProfesorBatchRep cannot be resolved to a type
	InscripcionBatchRep cannot be resolved to a type
	ProcessorProfesor cannot be resolved to a type
	WriterProfesor cannot be resolved to a type
	ProfesorBatchRep cannot be resolved to a type
	ProcessorInscripcion cannot be resolved to a type
	WriterInscripcion cannot be resolved to a type
	InscripcionBatchRep cannot be resolved to a type

	at com.cocay.sicecd.config.BatchConfig.<init>(BatchConfig.java:28)
	at com.cocay.sicecd.config.BatchConfig$$EnhancerBySpringCGLIB$$10691eca.<init>(<generated>)
	at java.base/jdk.internal.reflect.NativeConstructorAccessorImpl.newInstance0(Native Method)
	at java.base/jdk.internal.reflect.NativeConstructorAccessorImpl.newInstance(NativeConstructorAccessorImpl.java:62)
	at java.base/jdk.internal.reflect.DelegatingConstructorAccessorImpl.newInstance(DelegatingConstructorAccessorImpl.java:45)
	at java.base/java.lang.reflect.Constructor.newInstance(Constructor.java:490)
	at org.springframework.beans.BeanUtils.instantiateClass(BeanUtils.java:172)
	... 24 common frames omitted
2019-07-27 23:44:26,579 INFO org.springframework.boot.StartupInfoLogger [restartedMain] Starting SicecdApplication on MacBook-Pro-de-francisco.local with PID 2820 (/Users/francisco/Documents/fciencias/decimo/servicio/siced/ProyectoUNAM/SICECD/target/classes started by francisco in /Users/francisco/Documents/fciencias/decimo/servicio/siced/ProyectoUNAM/SICECD)
2019-07-27 23:44:26,582 INFO org.springframework.boot.SpringApplication [restartedMain] No active profile set, falling back to default profiles: default
2019-07-27 23:44:26,625 INFO org.springframework.boot.logging.DeferredLog [restartedMain] Devtools property defaults active! Set 'spring.devtools.add-properties' to 'false' to disable
2019-07-27 23:44:26,626 INFO org.springframework.boot.logging.DeferredLog [restartedMain] For additional web related logging consider setting the 'logging.level.web' property to 'DEBUG'
2019-07-27 23:44:27,416 INFO org.springframework.data.repository.config.RepositoryConfigurationDelegate [restartedMain] Bootstrapping Spring Data repositories in DEFAULT mode.
2019-07-27 23:44:27,538 INFO org.springframework.data.repository.config.RepositoryConfigurationDelegate [restartedMain] Finished Spring Data repository scanning in 114ms. Found 23 repository interfaces.
2019-07-27 23:44:27,886 INFO org.springframework.context.support.PostProcessorRegistrationDelegate$BeanPostProcessorChecker [restartedMain] Bean 'org.springframework.transaction.annotation.ProxyTransactionManagementConfiguration' of type [org.springframework.transaction.annotation.ProxyTransactionManagementConfiguration$$EnhancerBySpringCGLIB$$ba9efd74] is not eligible for getting processed by all BeanPostProcessors (for example: not eligible for auto-proxying)
2019-07-27 23:44:28,367 INFO org.springframework.boot.web.embedded.tomcat.TomcatWebServer [restartedMain] Tomcat initialized with port(s): 8080 (http)
2019-07-27 23:44:28,381 INFO org.apache.juli.logging.DirectJDKLog [restartedMain] Initializing ProtocolHandler ["http-nio-8080"]
2019-07-27 23:44:28,390 INFO org.apache.juli.logging.DirectJDKLog [restartedMain] Starting service [Tomcat]
2019-07-27 23:44:28,391 INFO org.apache.juli.logging.DirectJDKLog [restartedMain] Starting Servlet engine: [Apache Tomcat/9.0.16]
2019-07-27 23:44:28,397 INFO org.apache.juli.logging.DirectJDKLog [restartedMain] The APR based Apache Tomcat Native library which allows optimal performance in production environments was not found on the java.library.path: [/Users/francisco/Library/Java/Extensions:/Library/Java/Extensions:/Network/Library/Java/Extensions:/System/Library/Java/Extensions:/usr/lib/java:.]
2019-07-27 23:44:28,505 INFO org.apache.juli.logging.DirectJDKLog [restartedMain] Initializing Spring embedded WebApplicationContext
2019-07-27 23:44:28,505 INFO org.springframework.boot.web.servlet.context.ServletWebServerApplicationContext [restartedMain] Root WebApplicationContext: initialization completed in 1879 ms
2019-07-27 23:44:28,778 INFO com.zaxxer.hikari.HikariDataSource [restartedMain] HikariPool-1 - Starting...
2019-07-27 23:44:28,847 INFO com.zaxxer.hikari.HikariDataSource [restartedMain] HikariPool-1 - Start completed.
2019-07-27 23:44:28,894 INFO org.hibernate.jpa.internal.util.LogHelper [restartedMain] HHH000204: Processing PersistenceUnitInfo [
	name: default
	...]
2019-07-27 23:44:28,964 INFO org.hibernate.Version [restartedMain] HHH000412: Hibernate Core {5.3.7.Final}
2019-07-27 23:44:28,965 INFO org.hibernate.cfg.Environment [restartedMain] HHH000206: hibernate.properties not found
2019-07-27 23:44:29,110 INFO org.hibernate.annotations.common.reflection.java.JavaReflectionManager [restartedMain] HCANN000001: Hibernate Commons Annotations {5.0.4.Final}
2019-07-27 23:44:29,266 INFO org.hibernate.dialect.Dialect [restartedMain] HHH000400: Using dialect: org.hibernate.dialect.PostgreSQLDialect
2019-07-27 23:44:29,377 INFO org.hibernate.engine.jdbc.env.internal.LobCreatorBuilderImpl [restartedMain] HHH000421: Disabling contextual LOB creation as hibernate.jdbc.lob.non_contextual_creation is true
2019-07-27 23:44:29,382 INFO org.hibernate.type.BasicTypeRegistry [restartedMain] HHH000270: Type registration [java.util.UUID] overrides previous : org.hibernate.type.UUIDBinaryType@7b4d74bb
2019-07-27 23:44:30,286 INFO org.springframework.orm.jpa.AbstractEntityManagerFactoryBean [restartedMain] Initialized JPA EntityManagerFactory for persistence unit 'default'
2019-07-27 23:44:30,325 INFO org.springframework.boot.devtools.autoconfigure.OptionalLiveReloadServer [restartedMain] LiveReload server is running on port 35729
2019-07-27 23:44:31,047 INFO org.hibernate.hql.internal.QueryTranslatorFactoryInitiator [restartedMain] HHH000397: Using ASTQueryTranslatorFactory
2019-07-27 23:44:31,463 INFO org.springframework.security.web.DefaultSecurityFilterChain [restartedMain] Creating filter chain: any request, [org.springframework.security.web.context.request.async.WebAsyncManagerIntegrationFilter@5d2ae96b, org.springframework.security.web.context.SecurityContextPersistenceFilter@72b6734f, org.springframework.security.web.header.HeaderWriterFilter@3a8fdddc, org.springframework.security.web.authentication.logout.LogoutFilter@27f8ce84, org.springframework.security.web.authentication.UsernamePasswordAuthenticationFilter@5d8c844, org.springframework.security.web.savedrequest.RequestCacheAwareFilter@2941af5, org.springframework.security.web.servletapi.SecurityContextHolderAwareRequestFilter@3378eddf, org.springframework.security.web.authentication.AnonymousAuthenticationFilter@2a4db0c2, org.springframework.security.web.session.SessionManagementFilter@1da94b97, org.springframework.security.web.access.ExceptionTranslationFilter@3904bebb, org.springframework.security.web.access.intercept.FilterSecurityInterceptor@7f9a71eb]
2019-07-27 23:44:31,485 WARN org.springframework.boot.autoconfigure.orm.jpa.JpaBaseConfiguration$JpaWebConfiguration$JpaWebMvcConfiguration [restartedMain] spring.jpa.open-in-view is enabled by default. Therefore, database queries may be performed during view rendering. Explicitly configure spring.jpa.open-in-view to disable this warning
2019-07-27 23:44:31,686 WARN org.springframework.boot.autoconfigure.batch.JpaBatchConfigurer [restartedMain] JPA does not support custom isolation levels, so locks may not be taken when launching Jobs
2019-07-27 23:44:31,690 INFO org.springframework.batch.core.repository.support.JobRepositoryFactoryBean [restartedMain] No database type set, using meta data indicating: POSTGRES
2019-07-27 23:44:31,709 INFO org.springframework.batch.core.launch.support.SimpleJobLauncher [restartedMain] No TaskExecutor has been set, defaulting to synchronous executor.
2019-07-27 23:44:31,782 INFO org.springframework.scheduling.concurrent.ExecutorConfigurationSupport [restartedMain] Initializing ExecutorService 'taskScheduler'
2019-07-27 23:44:31,907 INFO org.apache.juli.logging.DirectJDKLog [restartedMain] Starting ProtocolHandler ["http-nio-8080"]
2019-07-27 23:44:31,927 INFO org.springframework.boot.web.embedded.tomcat.TomcatWebServer [restartedMain] Tomcat started on port(s): 8080 (http) with context path ''
2019-07-27 23:44:31,932 INFO org.springframework.boot.StartupInfoLogger [restartedMain] Started SicecdApplication in 5.648 seconds (JVM running for 6.623)
2019-07-27 23:44:38,824 INFO org.apache.juli.logging.DirectJDKLog [http-nio-8080-exec-1] Initializing Spring DispatcherServlet 'dispatcherServlet'
2019-07-27 23:44:38,826 INFO org.springframework.web.servlet.FrameworkServlet [http-nio-8080-exec-1] Initializing Servlet 'dispatcherServlet'
2019-07-27 23:44:38,847 INFO org.springframework.web.servlet.FrameworkServlet [http-nio-8080-exec-1] Completed initialization in 20 ms
2019-07-27 23:51:40,581 INFO org.springframework.boot.admin.SpringApplicationAdminMXBeanRegistrar$SpringApplicationAdmin [RMI TCP Connection(14)-127.0.0.1] Application shutdown requested.
2019-07-27 23:51:40,587 INFO org.springframework.scheduling.concurrent.ExecutorConfigurationSupport [RMI TCP Connection(14)-127.0.0.1] Shutting down ExecutorService 'taskScheduler'
2019-07-27 23:51:40,594 INFO org.springframework.orm.jpa.AbstractEntityManagerFactoryBean [RMI TCP Connection(14)-127.0.0.1] Closing JPA EntityManagerFactory for persistence unit 'default'
2019-07-27 23:51:40,599 INFO com.zaxxer.hikari.HikariDataSource [RMI TCP Connection(14)-127.0.0.1] HikariPool-1 - Shutdown initiated...
2019-07-27 23:51:40,604 INFO com.zaxxer.hikari.HikariDataSource [RMI TCP Connection(14)-127.0.0.1] HikariPool-1 - Shutdown completed.
