2019-07-30 23:18:12,573 INFO org.springframework.boot.StartupInfoLogger [restartedMain] Starting SicecdApplication on Juans-MacBook-Pro.local with PID 20300 (/Users/juan/Desktop/retroProyecto/ProyectoUNAM/SICECD/target/classes started by juan in /Users/juan/Desktop/retroProyecto/ProyectoUNAM/SICECD)
2019-07-30 23:18:12,775 INFO org.springframework.boot.SpringApplication [restartedMain] No active profile set, falling back to default profiles: default
2019-07-30 23:18:13,712 INFO org.springframework.boot.logging.DeferredLog [restartedMain] Devtools property defaults active! Set 'spring.devtools.add-properties' to 'false' to disable
2019-07-30 23:18:13,713 INFO org.springframework.boot.logging.DeferredLog [restartedMain] For additional web related logging consider setting the 'logging.level.web' property to 'DEBUG'
2019-07-30 23:18:20,749 INFO org.springframework.data.repository.config.RepositoryConfigurationDelegate [restartedMain] Bootstrapping Spring Data repositories in DEFAULT mode.
2019-07-30 23:18:21,418 INFO org.springframework.data.repository.config.RepositoryConfigurationDelegate [restartedMain] Finished Spring Data repository scanning in 641ms. Found 23 repository interfaces.
2019-07-30 23:18:23,740 INFO org.springframework.context.support.PostProcessorRegistrationDelegate$BeanPostProcessorChecker [restartedMain] Bean 'org.springframework.transaction.annotation.ProxyTransactionManagementConfiguration' of type [org.springframework.transaction.annotation.ProxyTransactionManagementConfiguration$$EnhancerBySpringCGLIB$$8abe612f] is not eligible for getting processed by all BeanPostProcessors (for example: not eligible for auto-proxying)
2019-07-30 23:18:30,005 INFO org.springframework.boot.web.embedded.tomcat.TomcatWebServer [restartedMain] Tomcat initialized with port(s): 8080 (http)
2019-07-30 23:18:30,233 INFO org.apache.juli.logging.DirectJDKLog [restartedMain] Initializing ProtocolHandler ["http-nio-8080"]
2019-07-30 23:18:30,286 INFO org.apache.juli.logging.DirectJDKLog [restartedMain] Starting service [Tomcat]
2019-07-30 23:18:30,287 INFO org.apache.juli.logging.DirectJDKLog [restartedMain] Starting Servlet engine: [Apache Tomcat/9.0.16]
2019-07-30 23:18:30,375 INFO org.apache.juli.logging.DirectJDKLog [restartedMain] The APR based Apache Tomcat Native library which allows optimal performance in production environments was not found on the java.library.path: [/Users/juan/Library/Java/Extensions:/Library/Java/Extensions:/Network/Library/Java/Extensions:/System/Library/Java/Extensions:/usr/lib/java:.]
2019-07-30 23:18:31,498 INFO org.apache.juli.logging.DirectJDKLog [restartedMain] Initializing Spring embedded WebApplicationContext
2019-07-30 23:18:31,499 INFO org.springframework.boot.web.servlet.context.ServletWebServerApplicationContext [restartedMain] Root WebApplicationContext: initialization completed in 17786 ms
2019-07-30 23:18:36,107 INFO com.zaxxer.hikari.HikariDataSource [restartedMain] HikariPool-1 - Starting...
2019-07-30 23:18:40,298 INFO com.zaxxer.hikari.HikariDataSource [restartedMain] HikariPool-1 - Start completed.
2019-07-30 23:18:41,171 INFO org.hibernate.jpa.internal.util.LogHelper [restartedMain] HHH000204: Processing PersistenceUnitInfo [
	name: default
	...]
2019-07-30 23:18:41,562 INFO org.hibernate.Version [restartedMain] HHH000412: Hibernate Core {5.3.7.Final}
2019-07-30 23:18:41,590 INFO org.hibernate.cfg.Environment [restartedMain] HHH000206: hibernate.properties not found
2019-07-30 23:18:42,139 INFO org.hibernate.annotations.common.reflection.java.JavaReflectionManager [restartedMain] HCANN000001: Hibernate Commons Annotations {5.0.4.Final}
2019-07-30 23:18:44,373 INFO org.hibernate.dialect.Dialect [restartedMain] HHH000400: Using dialect: org.hibernate.dialect.PostgreSQLDialect
2019-07-30 23:18:45,198 INFO org.hibernate.engine.jdbc.env.internal.LobCreatorBuilderImpl [restartedMain] HHH000421: Disabling contextual LOB creation as hibernate.jdbc.lob.non_contextual_creation is true
2019-07-30 23:18:45,257 INFO org.hibernate.type.BasicTypeRegistry [restartedMain] HHH000270: Type registration [java.util.UUID] overrides previous : org.hibernate.type.UUIDBinaryType@4f5b284b
2019-07-30 23:18:50,162 INFO org.springframework.orm.jpa.AbstractEntityManagerFactoryBean [restartedMain] Initialized JPA EntityManagerFactory for persistence unit 'default'
2019-07-30 23:18:50,727 INFO org.springframework.boot.devtools.autoconfigure.OptionalLiveReloadServer [restartedMain] LiveReload server is running on port 35729
2019-07-30 23:18:55,796 INFO org.hibernate.hql.internal.QueryTranslatorFactoryInitiator [restartedMain] HHH000397: Using ASTQueryTranslatorFactory
2019-07-30 23:19:00,517 INFO org.springframework.security.web.DefaultSecurityFilterChain [restartedMain] Creating filter chain: any request, [org.springframework.security.web.context.request.async.WebAsyncManagerIntegrationFilter@150aabff, org.springframework.security.web.context.SecurityContextPersistenceFilter@f56b08d, org.springframework.security.web.header.HeaderWriterFilter@79228160, org.springframework.security.web.authentication.logout.LogoutFilter@13420421, org.springframework.security.web.authentication.UsernamePasswordAuthenticationFilter@6c904139, org.springframework.security.web.savedrequest.RequestCacheAwareFilter@41555173, org.springframework.security.web.servletapi.SecurityContextHolderAwareRequestFilter@35c4a0fd, org.springframework.security.web.authentication.AnonymousAuthenticationFilter@13c06812, org.springframework.security.web.session.SessionManagementFilter@ba8cd44, org.springframework.security.web.access.ExceptionTranslationFilter@477d975c, org.springframework.security.web.access.intercept.FilterSecurityInterceptor@4b80cc6f]
2019-07-30 23:19:00,822 WARN org.springframework.boot.autoconfigure.orm.jpa.JpaBaseConfiguration$JpaWebConfiguration$JpaWebMvcConfiguration [restartedMain] spring.jpa.open-in-view is enabled by default. Therefore, database queries may be performed during view rendering. Explicitly configure spring.jpa.open-in-view to disable this warning
2019-07-30 23:19:01,628 WARN org.springframework.boot.autoconfigure.batch.JpaBatchConfigurer [restartedMain] JPA does not support custom isolation levels, so locks may not be taken when launching Jobs
2019-07-30 23:19:01,702 INFO org.springframework.batch.core.repository.support.JobRepositoryFactoryBean [restartedMain] No database type set, using meta data indicating: POSTGRES
2019-07-30 23:19:02,162 INFO org.springframework.batch.core.launch.support.SimpleJobLauncher [restartedMain] No TaskExecutor has been set, defaulting to synchronous executor.
2019-07-30 23:19:03,108 INFO org.springframework.scheduling.concurrent.ExecutorConfigurationSupport [restartedMain] Initializing ExecutorService 'taskScheduler'
2019-07-30 23:19:03,672 INFO org.apache.juli.logging.DirectJDKLog [restartedMain] Starting ProtocolHandler ["http-nio-8080"]
2019-07-30 23:19:04,753 INFO org.springframework.boot.web.embedded.tomcat.TomcatWebServer [restartedMain] Tomcat started on port(s): 8080 (http) with context path ''
2019-07-30 23:19:04,913 INFO org.springframework.boot.StartupInfoLogger [restartedMain] Started SicecdApplication in 57.253 seconds (JVM running for 87.774)
2019-07-30 23:22:52,609 INFO org.apache.juli.logging.DirectJDKLog [http-nio-8080-exec-1] Initializing Spring DispatcherServlet 'dispatcherServlet'
2019-07-30 23:22:52,640 INFO org.springframework.web.servlet.FrameworkServlet [http-nio-8080-exec-1] Initializing Servlet 'dispatcherServlet'
2019-07-30 23:22:52,657 INFO org.springframework.web.servlet.FrameworkServlet [http-nio-8080-exec-1] Completed initialization in 17 ms
2019-07-30 23:24:20,123 INFO org.springframework.batch.core.launch.support.SimpleJobLauncher$1 [http-nio-8080-exec-2] Job: [FlowJob: [name=jobProfesor]] launched with the following parameters: [{time=1564547058111, fullPathFileName=/temp/profesor-data.csv}]
2019-07-30 23:24:20,619 INFO org.springframework.batch.core.job.SimpleStepHandler [http-nio-8080-exec-2] Executing step: [stepProfesor]
2019-07-30 23:24:20,938 ERROR org.springframework.batch.core.step.AbstractStep [http-nio-8080-exec-2] Encountered an error executing step stepProfesor in job jobProfesor
org.springframework.batch.item.ItemStreamException: Failed to initialize the reader
	at org.springframework.batch.item.support.AbstractItemCountingItemStreamItemReader.open(AbstractItemCountingItemStreamItemReader.java:152)
	at org.springframework.batch.item.support.AbstractItemCountingItemStreamItemReader$$FastClassBySpringCGLIB$$ebb633d0.invoke(<generated>)
	at org.springframework.cglib.proxy.MethodProxy.invoke(MethodProxy.java:218)
	at org.springframework.aop.framework.CglibAopProxy$CglibMethodInvocation.invokeJoinpoint(CglibAopProxy.java:749)
	at org.springframework.aop.framework.ReflectiveMethodInvocation.proceed(ReflectiveMethodInvocation.java:163)
	at org.springframework.aop.support.DelegatingIntroductionInterceptor.doProceed(DelegatingIntroductionInterceptor.java:136)
	at org.springframework.aop.support.DelegatingIntroductionInterceptor.invoke(DelegatingIntroductionInterceptor.java:124)
	at org.springframework.aop.framework.ReflectiveMethodInvocation.proceed(ReflectiveMethodInvocation.java:186)
	at org.springframework.aop.framework.CglibAopProxy$DynamicAdvisedInterceptor.intercept(CglibAopProxy.java:688)
	at org.springframework.batch.item.file.FlatFileItemReader$$EnhancerBySpringCGLIB$$5415ee90.open(<generated>)
	at org.springframework.batch.item.support.CompositeItemStream.open(CompositeItemStream.java:103)
	at org.springframework.batch.core.step.item.ChunkMonitor.open(ChunkMonitor.java:114)
	at org.springframework.batch.item.support.CompositeItemStream.open(CompositeItemStream.java:103)
	at org.springframework.batch.core.step.tasklet.TaskletStep.open(TaskletStep.java:311)
	at org.springframework.batch.core.step.AbstractStep.execute(AbstractStep.java:200)
	at org.springframework.batch.core.job.SimpleStepHandler.handleStep(SimpleStepHandler.java:148)
	at org.springframework.batch.core.job.flow.JobFlowExecutor.executeStep(JobFlowExecutor.java:68)
	at org.springframework.batch.core.job.flow.support.state.StepState.handle(StepState.java:67)
	at org.springframework.batch.core.job.flow.support.SimpleFlow.resume(SimpleFlow.java:169)
	at org.springframework.batch.core.job.flow.support.SimpleFlow.start(SimpleFlow.java:144)
	at org.springframework.batch.core.job.flow.FlowJob.doExecute(FlowJob.java:136)
	at org.springframework.batch.core.job.AbstractJob.execute(AbstractJob.java:313)
	at org.springframework.batch.core.launch.support.SimpleJobLauncher$1.run(SimpleJobLauncher.java:144)
	at org.springframework.core.task.SyncTaskExecutor.execute(SyncTaskExecutor.java:50)
	at org.springframework.batch.core.launch.support.SimpleJobLauncher.run(SimpleJobLauncher.java:137)
	at java.base/jdk.internal.reflect.NativeMethodAccessorImpl.invoke0(Native Method)
	at java.base/jdk.internal.reflect.NativeMethodAccessorImpl.invoke(NativeMethodAccessorImpl.java:62)
	at java.base/jdk.internal.reflect.DelegatingMethodAccessorImpl.invoke(DelegatingMethodAccessorImpl.java:43)
	at java.base/java.lang.reflect.Method.invoke(Method.java:566)
	at org.springframework.aop.support.AopUtils.invokeJoinpointUsingReflection(AopUtils.java:343)
	at org.springframework.aop.framework.ReflectiveMethodInvocation.invokeJoinpoint(ReflectiveMethodInvocation.java:198)
	at org.springframework.aop.framework.ReflectiveMethodInvocation.proceed(ReflectiveMethodInvocation.java:163)
	at org.springframework.batch.core.configuration.annotation.SimpleBatchConfiguration$PassthruAdvice.invoke(SimpleBatchConfiguration.java:127)
	at org.springframework.aop.framework.ReflectiveMethodInvocation.proceed(ReflectiveMethodInvocation.java:186)
	at org.springframework.aop.framework.JdkDynamicAopProxy.invoke(JdkDynamicAopProxy.java:212)
	at com.sun.proxy.$Proxy125.run(Unknown Source)
	at com.cocay.sicecd.controller.BatchController.singleFileprofesor(BatchController.java:187)
	at java.base/jdk.internal.reflect.NativeMethodAccessorImpl.invoke0(Native Method)
	at java.base/jdk.internal.reflect.NativeMethodAccessorImpl.invoke(NativeMethodAccessorImpl.java:62)
	at java.base/jdk.internal.reflect.DelegatingMethodAccessorImpl.invoke(DelegatingMethodAccessorImpl.java:43)
	at java.base/java.lang.reflect.Method.invoke(Method.java:566)
	at org.springframework.web.method.support.InvocableHandlerMethod.doInvoke(InvocableHandlerMethod.java:189)
	at org.springframework.web.method.support.InvocableHandlerMethod.invokeForRequest(InvocableHandlerMethod.java:138)
	at org.springframework.web.servlet.mvc.method.annotation.ServletInvocableHandlerMethod.invokeAndHandle(ServletInvocableHandlerMethod.java:102)
	at org.springframework.web.servlet.mvc.method.annotation.RequestMappingHandlerAdapter.invokeHandlerMethod(RequestMappingHandlerAdapter.java:895)
	at org.springframework.web.servlet.mvc.method.annotation.RequestMappingHandlerAdapter.handleInternal(RequestMappingHandlerAdapter.java:800)
	at org.springframework.web.servlet.mvc.method.AbstractHandlerMethodAdapter.handle(AbstractHandlerMethodAdapter.java:87)
	at org.springframework.web.servlet.DispatcherServlet.doDispatch(DispatcherServlet.java:1038)
	at org.springframework.web.servlet.DispatcherServlet.doService(DispatcherServlet.java:942)
	at org.springframework.web.servlet.FrameworkServlet.processRequest(FrameworkServlet.java:1005)
	at org.springframework.web.servlet.FrameworkServlet.doPost(FrameworkServlet.java:908)
	at javax.servlet.http.HttpServlet.service(HttpServlet.java:660)
	at org.springframework.web.servlet.FrameworkServlet.service(FrameworkServlet.java:882)
	at javax.servlet.http.HttpServlet.service(HttpServlet.java:741)
	at org.apache.catalina.core.ApplicationFilterChain.internalDoFilter(ApplicationFilterChain.java:231)
	at org.apache.catalina.core.ApplicationFilterChain.doFilter(ApplicationFilterChain.java:166)
	at org.apache.tomcat.websocket.server.WsFilter.doFilter(WsFilter.java:53)
	at org.apache.catalina.core.ApplicationFilterChain.internalDoFilter(ApplicationFilterChain.java:193)
	at org.apache.catalina.core.ApplicationFilterChain.doFilter(ApplicationFilterChain.java:166)
	at org.springframework.web.filter.RequestContextFilter.doFilterInternal(RequestContextFilter.java:99)
	at org.springframework.web.filter.OncePerRequestFilter.doFilter(OncePerRequestFilter.java:107)
	at org.apache.catalina.core.ApplicationFilterChain.internalDoFilter(ApplicationFilterChain.java:193)
	at org.apache.catalina.core.ApplicationFilterChain.doFilter(ApplicationFilterChain.java:166)
	at org.springframework.security.web.FilterChainProxy$VirtualFilterChain.doFilter(FilterChainProxy.java:320)
	at org.springframework.security.web.access.intercept.FilterSecurityInterceptor.invoke(FilterSecurityInterceptor.java:127)
	at org.springframework.security.web.access.intercept.FilterSecurityInterceptor.doFilter(FilterSecurityInterceptor.java:91)
	at org.springframework.security.web.FilterChainProxy$VirtualFilterChain.doFilter(FilterChainProxy.java:334)
	at org.springframework.security.web.access.ExceptionTranslationFilter.doFilter(ExceptionTranslationFilter.java:119)
	at org.springframework.security.web.FilterChainProxy$VirtualFilterChain.doFilter(FilterChainProxy.java:334)
	at org.springframework.security.web.session.SessionManagementFilter.doFilter(SessionManagementFilter.java:137)
	at org.springframework.security.web.FilterChainProxy$VirtualFilterChain.doFilter(FilterChainProxy.java:334)
	at org.springframework.security.web.authentication.AnonymousAuthenticationFilter.doFilter(AnonymousAuthenticationFilter.java:111)
	at org.springframework.security.web.FilterChainProxy$VirtualFilterChain.doFilter(FilterChainProxy.java:334)
	at org.springframework.security.web.servletapi.SecurityContextHolderAwareRequestFilter.doFilter(SecurityContextHolderAwareRequestFilter.java:170)
	at org.springframework.security.web.FilterChainProxy$VirtualFilterChain.doFilter(FilterChainProxy.java:334)
	at org.springframework.security.web.savedrequest.RequestCacheAwareFilter.doFilter(RequestCacheAwareFilter.java:63)
	at org.springframework.security.web.FilterChainProxy$VirtualFilterChain.doFilter(FilterChainProxy.java:334)
	at org.springframework.security.web.authentication.AbstractAuthenticationProcessingFilter.doFilter(AbstractAuthenticationProcessingFilter.java:200)
	at org.springframework.security.web.FilterChainProxy$VirtualFilterChain.doFilter(FilterChainProxy.java:334)
	at org.springframework.security.web.authentication.logout.LogoutFilter.doFilter(LogoutFilter.java:116)
	at org.springframework.security.web.FilterChainProxy$VirtualFilterChain.doFilter(FilterChainProxy.java:334)
	at org.springframework.security.web.header.HeaderWriterFilter.doFilterInternal(HeaderWriterFilter.java:74)
	at org.springframework.web.filter.OncePerRequestFilter.doFilter(OncePerRequestFilter.java:107)
	at org.springframework.security.web.FilterChainProxy$VirtualFilterChain.doFilter(FilterChainProxy.java:334)
	at org.springframework.security.web.context.SecurityContextPersistenceFilter.doFilter(SecurityContextPersistenceFilter.java:105)
	at org.springframework.security.web.FilterChainProxy$VirtualFilterChain.doFilter(FilterChainProxy.java:334)
	at org.springframework.security.web.context.request.async.WebAsyncManagerIntegrationFilter.doFilterInternal(WebAsyncManagerIntegrationFilter.java:56)
	at org.springframework.web.filter.OncePerRequestFilter.doFilter(OncePerRequestFilter.java:107)
	at org.springframework.security.web.FilterChainProxy$VirtualFilterChain.doFilter(FilterChainProxy.java:334)
	at org.springframework.security.web.FilterChainProxy.doFilterInternal(FilterChainProxy.java:215)
	at org.springframework.security.web.FilterChainProxy.doFilter(FilterChainProxy.java:178)
	at org.springframework.web.filter.DelegatingFilterProxy.invokeDelegate(DelegatingFilterProxy.java:357)
	at org.springframework.web.filter.DelegatingFilterProxy.doFilter(DelegatingFilterProxy.java:270)
	at org.apache.catalina.core.ApplicationFilterChain.internalDoFilter(ApplicationFilterChain.java:193)
	at org.apache.catalina.core.ApplicationFilterChain.doFilter(ApplicationFilterChain.java:166)
	at org.springframework.web.filter.CharacterEncodingFilter.doFilterInternal(CharacterEncodingFilter.java:200)
	at org.springframework.web.filter.OncePerRequestFilter.doFilter(OncePerRequestFilter.java:107)
	at org.apache.catalina.core.ApplicationFilterChain.internalDoFilter(ApplicationFilterChain.java:193)
	at org.apache.catalina.core.ApplicationFilterChain.doFilter(ApplicationFilterChain.java:166)
	at org.apache.catalina.core.StandardWrapperValve.invoke(StandardWrapperValve.java:200)
	at org.apache.catalina.core.StandardContextValve.invoke(StandardContextValve.java:96)
	at org.apache.catalina.authenticator.AuthenticatorBase.invoke(AuthenticatorBase.java:490)
	at org.apache.catalina.core.StandardHostValve.invoke(StandardHostValve.java:139)
	at org.apache.catalina.valves.ErrorReportValve.invoke(ErrorReportValve.java:92)
	at org.apache.catalina.core.StandardEngineValve.invoke(StandardEngineValve.java:74)
	at org.apache.catalina.connector.CoyoteAdapter.service(CoyoteAdapter.java:343)
	at org.apache.coyote.http11.Http11Processor.service(Http11Processor.java:408)
	at org.apache.coyote.AbstractProcessorLight.process(AbstractProcessorLight.java:66)
	at org.apache.coyote.AbstractProtocol$ConnectionHandler.process(AbstractProtocol.java:834)
	at org.apache.tomcat.util.net.NioEndpoint$SocketProcessor.doRun(NioEndpoint.java:1415)
	at org.apache.tomcat.util.net.SocketProcessorBase.run(SocketProcessorBase.java:49)
	at java.base/java.util.concurrent.ThreadPoolExecutor.runWorker(ThreadPoolExecutor.java:1128)
	at java.base/java.util.concurrent.ThreadPoolExecutor$Worker.run(ThreadPoolExecutor.java:628)
	at org.apache.tomcat.util.threads.TaskThread$WrappingRunnable.run(TaskThread.java:61)
	at java.base/java.lang.Thread.run(Thread.java:834)
Caused by: java.lang.IllegalStateException: Input resource must exist (reader is in 'strict' mode): file [/temp/profesor-data.csv]
	at org.springframework.batch.item.file.FlatFileItemReader.doOpen(FlatFileItemReader.java:251)
	at org.springframework.batch.item.support.AbstractItemCountingItemStreamItemReader.open(AbstractItemCountingItemStreamItemReader.java:149)
	... 114 common frames omitted
2019-07-30 23:24:20,975 INFO org.springframework.batch.core.launch.support.SimpleJobLauncher$1 [http-nio-8080-exec-2] Job: [FlowJob: [name=jobProfesor]] completed with the following parameters: [{time=1564547058111, fullPathFileName=/temp/profesor-data.csv}] and the following status: [FAILED]
2019-07-30 23:27:10,903 INFO org.springframework.scheduling.concurrent.ExecutorConfigurationSupport [Thread-5] Shutting down ExecutorService 'taskScheduler'
2019-07-30 23:27:10,977 INFO org.springframework.orm.jpa.AbstractEntityManagerFactoryBean [Thread-5] Closing JPA EntityManagerFactory for persistence unit 'default'
2019-07-30 23:27:11,031 INFO com.zaxxer.hikari.HikariDataSource [Thread-5] HikariPool-1 - Shutdown initiated...
2019-07-30 23:27:11,139 INFO com.zaxxer.hikari.HikariDataSource [Thread-5] HikariPool-1 - Shutdown completed.
2019-07-30 23:27:12,990 INFO org.springframework.boot.StartupInfoLogger [restartedMain] Starting SicecdApplication on Juans-MacBook-Pro.local with PID 20300 (/Users/juan/Desktop/retroProyecto/ProyectoUNAM/SICECD/target/classes started by juan in /Users/juan/Desktop/retroProyecto/ProyectoUNAM/SICECD)
2019-07-30 23:27:12,991 INFO org.springframework.boot.SpringApplication [restartedMain] No active profile set, falling back to default profiles: default
2019-07-30 23:27:23,246 INFO org.springframework.data.repository.config.RepositoryConfigurationDelegate [restartedMain] Bootstrapping Spring Data repositories in DEFAULT mode.
2019-07-30 23:27:23,898 INFO org.springframework.data.repository.config.RepositoryConfigurationDelegate [restartedMain] Finished Spring Data repository scanning in 651ms. Found 23 repository interfaces.
2019-07-30 23:27:24,071 INFO org.springframework.context.support.PostProcessorRegistrationDelegate$BeanPostProcessorChecker [restartedMain] Bean 'org.springframework.transaction.annotation.ProxyTransactionManagementConfiguration' of type [org.springframework.transaction.annotation.ProxyTransactionManagementConfiguration$$EnhancerBySpringCGLIB$$8abe612f] is not eligible for getting processed by all BeanPostProcessors (for example: not eligible for auto-proxying)
2019-07-30 23:27:24,588 INFO org.springframework.boot.web.embedded.tomcat.TomcatWebServer [restartedMain] Tomcat initialized with port(s): 8080 (http)
2019-07-30 23:27:24,592 INFO org.apache.juli.logging.DirectJDKLog [restartedMain] Initializing ProtocolHandler ["http-nio-8080"]
2019-07-30 23:27:24,594 INFO org.apache.juli.logging.DirectJDKLog [restartedMain] Starting service [Tomcat]
2019-07-30 23:27:24,595 INFO org.apache.juli.logging.DirectJDKLog [restartedMain] Starting Servlet engine: [Apache Tomcat/9.0.16]
2019-07-30 23:27:24,677 INFO org.apache.juli.logging.DirectJDKLog [restartedMain] Initializing Spring embedded WebApplicationContext
2019-07-30 23:27:24,680 INFO org.springframework.boot.web.servlet.context.ServletWebServerApplicationContext [restartedMain] Root WebApplicationContext: initialization completed in 11686 ms
2019-07-30 23:27:24,914 INFO com.zaxxer.hikari.HikariDataSource [restartedMain] HikariPool-2 - Starting...
2019-07-30 23:27:25,418 INFO com.zaxxer.hikari.HikariDataSource [restartedMain] HikariPool-2 - Start completed.
2019-07-30 23:27:25,433 INFO org.hibernate.jpa.internal.util.LogHelper [restartedMain] HHH000204: Processing PersistenceUnitInfo [
	name: default
	...]
2019-07-30 23:27:25,694 INFO org.hibernate.dialect.Dialect [restartedMain] HHH000400: Using dialect: org.hibernate.dialect.PostgreSQLDialect
2019-07-30 23:27:25,779 INFO org.hibernate.engine.jdbc.env.internal.LobCreatorBuilderImpl [restartedMain] HHH000421: Disabling contextual LOB creation as hibernate.jdbc.lob.non_contextual_creation is true
2019-07-30 23:27:25,782 INFO org.hibernate.type.BasicTypeRegistry [restartedMain] HHH000270: Type registration [java.util.UUID] overrides previous : org.hibernate.type.UUIDBinaryType@4f5b284b
2019-07-30 23:27:26,780 INFO org.springframework.orm.jpa.AbstractEntityManagerFactoryBean [restartedMain] Initialized JPA EntityManagerFactory for persistence unit 'default'
2019-07-30 23:27:26,835 INFO org.springframework.boot.devtools.autoconfigure.OptionalLiveReloadServer [restartedMain] LiveReload server is running on port 35729
2019-07-30 23:27:27,425 INFO org.hibernate.hql.internal.QueryTranslatorFactoryInitiator [restartedMain] HHH000397: Using ASTQueryTranslatorFactory
2019-07-30 23:27:27,831 INFO org.springframework.security.web.DefaultSecurityFilterChain [restartedMain] Creating filter chain: any request, [org.springframework.security.web.context.request.async.WebAsyncManagerIntegrationFilter@4b268a98, org.springframework.security.web.context.SecurityContextPersistenceFilter@272e9cf2, org.springframework.security.web.header.HeaderWriterFilter@560408e1, org.springframework.security.web.authentication.logout.LogoutFilter@2bd0388b, org.springframework.security.web.authentication.UsernamePasswordAuthenticationFilter@743bf5b4, org.springframework.security.web.savedrequest.RequestCacheAwareFilter@31bff7ea, org.springframework.security.web.servletapi.SecurityContextHolderAwareRequestFilter@470aa23c, org.springframework.security.web.authentication.AnonymousAuthenticationFilter@32953440, org.springframework.security.web.session.SessionManagementFilter@4115b472, org.springframework.security.web.access.ExceptionTranslationFilter@2807d005, org.springframework.security.web.access.intercept.FilterSecurityInterceptor@42fc1bdf]
2019-07-30 23:27:27,909 WARN org.springframework.boot.autoconfigure.orm.jpa.JpaBaseConfiguration$JpaWebConfiguration$JpaWebMvcConfiguration [restartedMain] spring.jpa.open-in-view is enabled by default. Therefore, database queries may be performed during view rendering. Explicitly configure spring.jpa.open-in-view to disable this warning
2019-07-30 23:27:28,064 WARN org.springframework.boot.autoconfigure.batch.JpaBatchConfigurer [restartedMain] JPA does not support custom isolation levels, so locks may not be taken when launching Jobs
2019-07-30 23:27:28,067 INFO org.springframework.batch.core.repository.support.JobRepositoryFactoryBean [restartedMain] No database type set, using meta data indicating: POSTGRES
2019-07-30 23:27:28,070 INFO org.springframework.batch.core.launch.support.SimpleJobLauncher [restartedMain] No TaskExecutor has been set, defaulting to synchronous executor.
2019-07-30 23:27:28,156 INFO org.springframework.scheduling.concurrent.ExecutorConfigurationSupport [restartedMain] Initializing ExecutorService 'taskScheduler'
2019-07-30 23:27:28,300 INFO org.apache.juli.logging.DirectJDKLog [restartedMain] Starting ProtocolHandler ["http-nio-8080"]
2019-07-30 23:27:28,305 INFO org.springframework.boot.web.embedded.tomcat.TomcatWebServer [restartedMain] Tomcat started on port(s): 8080 (http) with context path ''
2019-07-30 23:27:28,306 INFO org.springframework.boot.StartupInfoLogger [restartedMain] Started SicecdApplication in 15.989 seconds (JVM running for 591.144)
2019-07-30 23:27:28,311 INFO org.springframework.boot.devtools.autoconfigure.ConditionEvaluationDeltaLoggingListener [restartedMain] Condition evaluation unchanged
2019-07-30 23:30:02,740 INFO org.apache.juli.logging.DirectJDKLog [http-nio-8080-exec-1] Initializing Spring DispatcherServlet 'dispatcherServlet'
2019-07-30 23:30:02,767 INFO org.springframework.web.servlet.FrameworkServlet [http-nio-8080-exec-1] Initializing Servlet 'dispatcherServlet'
2019-07-30 23:30:02,796 INFO org.springframework.web.servlet.FrameworkServlet [http-nio-8080-exec-1] Completed initialization in 29 ms
2019-07-30 23:32:16,337 INFO org.springframework.boot.admin.SpringApplicationAdminMXBeanRegistrar$SpringApplicationAdmin [RMI TCP Connection(17)-127.0.0.1] Application shutdown requested.
2019-07-30 23:32:16,380 INFO org.springframework.scheduling.concurrent.ExecutorConfigurationSupport [RMI TCP Connection(17)-127.0.0.1] Shutting down ExecutorService 'taskScheduler'
2019-07-30 23:32:16,389 INFO org.springframework.orm.jpa.AbstractEntityManagerFactoryBean [RMI TCP Connection(17)-127.0.0.1] Closing JPA EntityManagerFactory for persistence unit 'default'
2019-07-30 23:32:16,393 INFO com.zaxxer.hikari.HikariDataSource [RMI TCP Connection(17)-127.0.0.1] HikariPool-2 - Shutdown initiated...
2019-07-30 23:32:16,410 INFO com.zaxxer.hikari.HikariDataSource [RMI TCP Connection(17)-127.0.0.1] HikariPool-2 - Shutdown completed.
2019-07-30 23:33:33,304 INFO org.springframework.boot.StartupInfoLogger [restartedMain] Starting SicecdApplication on Juans-MacBook-Pro.local with PID 20780 (/Users/juan/Desktop/retroProyecto/ProyectoUNAM/SICECD/target/classes started by juan in /Users/juan/Desktop/retroProyecto/ProyectoUNAM/SICECD)
2019-07-30 23:33:33,327 INFO org.springframework.boot.SpringApplication [restartedMain] No active profile set, falling back to default profiles: default
2019-07-30 23:33:33,456 INFO org.springframework.boot.logging.DeferredLog [restartedMain] Devtools property defaults active! Set 'spring.devtools.add-properties' to 'false' to disable
2019-07-30 23:33:33,457 INFO org.springframework.boot.logging.DeferredLog [restartedMain] For additional web related logging consider setting the 'logging.level.web' property to 'DEBUG'
2019-07-30 23:33:38,069 INFO org.springframework.data.repository.config.RepositoryConfigurationDelegate [restartedMain] Bootstrapping Spring Data repositories in DEFAULT mode.
2019-07-30 23:33:38,369 INFO org.springframework.data.repository.config.RepositoryConfigurationDelegate [restartedMain] Finished Spring Data repository scanning in 292ms. Found 23 repository interfaces.
2019-07-30 23:33:39,689 INFO org.springframework.context.support.PostProcessorRegistrationDelegate$BeanPostProcessorChecker [restartedMain] Bean 'org.springframework.transaction.annotation.ProxyTransactionManagementConfiguration' of type [org.springframework.transaction.annotation.ProxyTransactionManagementConfiguration$$EnhancerBySpringCGLIB$$2919124c] is not eligible for getting processed by all BeanPostProcessors (for example: not eligible for auto-proxying)
2019-07-30 23:33:41,034 INFO org.springframework.boot.web.embedded.tomcat.TomcatWebServer [restartedMain] Tomcat initialized with port(s): 8080 (http)
2019-07-30 23:33:41,066 INFO org.apache.juli.logging.DirectJDKLog [restartedMain] Initializing ProtocolHandler ["http-nio-8080"]
2019-07-30 23:33:41,091 INFO org.apache.juli.logging.DirectJDKLog [restartedMain] Starting service [Tomcat]
2019-07-30 23:33:41,091 INFO org.apache.juli.logging.DirectJDKLog [restartedMain] Starting Servlet engine: [Apache Tomcat/9.0.16]
2019-07-30 23:33:41,109 INFO org.apache.juli.logging.DirectJDKLog [restartedMain] The APR based Apache Tomcat Native library which allows optimal performance in production environments was not found on the java.library.path: [/Users/juan/Library/Java/Extensions:/Library/Java/Extensions:/Network/Library/Java/Extensions:/System/Library/Java/Extensions:/usr/lib/java:.]
2019-07-30 23:33:41,515 INFO org.apache.juli.logging.DirectJDKLog [restartedMain] Initializing Spring embedded WebApplicationContext
2019-07-30 23:33:41,516 INFO org.springframework.boot.web.servlet.context.ServletWebServerApplicationContext [restartedMain] Root WebApplicationContext: initialization completed in 8058 ms
2019-07-30 23:33:42,830 INFO com.zaxxer.hikari.HikariDataSource [restartedMain] HikariPool-1 - Starting...
2019-07-30 23:33:43,117 INFO com.zaxxer.hikari.HikariDataSource [restartedMain] HikariPool-1 - Start completed.
2019-07-30 23:33:43,700 INFO org.hibernate.jpa.internal.util.LogHelper [restartedMain] HHH000204: Processing PersistenceUnitInfo [
	name: default
	...]
2019-07-30 23:33:46,002 INFO org.hibernate.Version [restartedMain] HHH000412: Hibernate Core {5.3.7.Final}
2019-07-30 23:33:46,093 INFO org.hibernate.cfg.Environment [restartedMain] HHH000206: hibernate.properties not found
2019-07-30 23:33:47,796 INFO org.hibernate.annotations.common.reflection.java.JavaReflectionManager [restartedMain] HCANN000001: Hibernate Commons Annotations {5.0.4.Final}
2019-07-30 23:33:50,372 INFO org.hibernate.dialect.Dialect [restartedMain] HHH000400: Using dialect: org.hibernate.dialect.PostgreSQLDialect
2019-07-30 23:33:50,761 INFO org.hibernate.engine.jdbc.env.internal.LobCreatorBuilderImpl [restartedMain] HHH000421: Disabling contextual LOB creation as hibernate.jdbc.lob.non_contextual_creation is true
2019-07-30 23:33:50,804 INFO org.hibernate.type.BasicTypeRegistry [restartedMain] HHH000270: Type registration [java.util.UUID] overrides previous : org.hibernate.type.UUIDBinaryType@5103f39c
2019-07-30 23:33:53,733 INFO org.springframework.orm.jpa.AbstractEntityManagerFactoryBean [restartedMain] Initialized JPA EntityManagerFactory for persistence unit 'default'
2019-07-30 23:33:53,879 INFO org.springframework.boot.devtools.autoconfigure.OptionalLiveReloadServer [restartedMain] LiveReload server is running on port 35729
2019-07-30 23:33:56,337 INFO org.hibernate.hql.internal.QueryTranslatorFactoryInitiator [restartedMain] HHH000397: Using ASTQueryTranslatorFactory
2019-07-30 23:33:58,043 INFO org.springframework.security.web.DefaultSecurityFilterChain [restartedMain] Creating filter chain: any request, [org.springframework.security.web.context.request.async.WebAsyncManagerIntegrationFilter@c5df9e1, org.springframework.security.web.context.SecurityContextPersistenceFilter@42bc594b, org.springframework.security.web.header.HeaderWriterFilter@312b4bd8, org.springframework.security.web.authentication.logout.LogoutFilter@48b0f3c, org.springframework.security.web.authentication.UsernamePasswordAuthenticationFilter@1f8a8b32, org.springframework.security.web.savedrequest.RequestCacheAwareFilter@ae80028, org.springframework.security.web.servletapi.SecurityContextHolderAwareRequestFilter@28bc5ee4, org.springframework.security.web.authentication.AnonymousAuthenticationFilter@1d3a4bdf, org.springframework.security.web.session.SessionManagementFilter@470beb42, org.springframework.security.web.access.ExceptionTranslationFilter@25b89f9d, org.springframework.security.web.access.intercept.FilterSecurityInterceptor@1d039997]
2019-07-30 23:33:58,185 WARN org.springframework.boot.autoconfigure.orm.jpa.JpaBaseConfiguration$JpaWebConfiguration$JpaWebMvcConfiguration [restartedMain] spring.jpa.open-in-view is enabled by default. Therefore, database queries may be performed during view rendering. Explicitly configure spring.jpa.open-in-view to disable this warning
2019-07-30 23:33:58,553 WARN org.springframework.boot.autoconfigure.batch.JpaBatchConfigurer [restartedMain] JPA does not support custom isolation levels, so locks may not be taken when launching Jobs
2019-07-30 23:33:58,621 INFO org.springframework.batch.core.repository.support.JobRepositoryFactoryBean [restartedMain] No database type set, using meta data indicating: POSTGRES
2019-07-30 23:33:58,734 INFO org.springframework.batch.core.launch.support.SimpleJobLauncher [restartedMain] No TaskExecutor has been set, defaulting to synchronous executor.
2019-07-30 23:33:59,137 INFO org.springframework.scheduling.concurrent.ExecutorConfigurationSupport [restartedMain] Initializing ExecutorService 'taskScheduler'
2019-07-30 23:33:59,738 INFO org.apache.juli.logging.DirectJDKLog [restartedMain] Starting ProtocolHandler ["http-nio-8080"]
2019-07-30 23:33:59,759 INFO org.springframework.boot.web.embedded.tomcat.TomcatWebServer [restartedMain] Tomcat started on port(s): 8080 (http) with context path ''
2019-07-30 23:33:59,769 INFO org.springframework.boot.StartupInfoLogger [restartedMain] Started SicecdApplication in 27.216 seconds (JVM running for 32.196)
2019-07-30 23:34:12,154 INFO org.apache.juli.logging.DirectJDKLog [http-nio-8080-exec-1] Initializing Spring DispatcherServlet 'dispatcherServlet'
2019-07-30 23:34:12,187 INFO org.springframework.web.servlet.FrameworkServlet [http-nio-8080-exec-1] Initializing Servlet 'dispatcherServlet'
2019-07-30 23:34:12,200 INFO org.springframework.web.servlet.FrameworkServlet [http-nio-8080-exec-1] Completed initialization in 13 ms
2019-07-30 23:38:16,628 INFO org.springframework.scheduling.concurrent.ExecutorConfigurationSupport [Thread-5] Shutting down ExecutorService 'taskScheduler'
2019-07-30 23:38:16,679 INFO org.springframework.orm.jpa.AbstractEntityManagerFactoryBean [Thread-5] Closing JPA EntityManagerFactory for persistence unit 'default'
2019-07-30 23:38:16,750 INFO com.zaxxer.hikari.HikariDataSource [Thread-5] HikariPool-1 - Shutdown initiated...
2019-07-30 23:38:16,772 INFO com.zaxxer.hikari.HikariDataSource [Thread-5] HikariPool-1 - Shutdown completed.
2019-07-30 23:38:17,819 INFO org.springframework.boot.StartupInfoLogger [restartedMain] Starting SicecdApplication on Juans-MacBook-Pro.local with PID 20780 (/Users/juan/Desktop/retroProyecto/ProyectoUNAM/SICECD/target/classes started by juan in /Users/juan/Desktop/retroProyecto/ProyectoUNAM/SICECD)
2019-07-30 23:38:17,829 INFO org.springframework.boot.SpringApplication [restartedMain] No active profile set, falling back to default profiles: default
2019-07-30 23:38:21,023 INFO org.springframework.data.repository.config.RepositoryConfigurationDelegate [restartedMain] Bootstrapping Spring Data repositories in DEFAULT mode.
2019-07-30 23:38:21,540 INFO org.springframework.data.repository.config.RepositoryConfigurationDelegate [restartedMain] Finished Spring Data repository scanning in 516ms. Found 23 repository interfaces.
2019-07-30 23:38:21,642 INFO org.springframework.context.support.PostProcessorRegistrationDelegate$BeanPostProcessorChecker [restartedMain] Bean 'org.springframework.transaction.annotation.ProxyTransactionManagementConfiguration' of type [org.springframework.transaction.annotation.ProxyTransactionManagementConfiguration$$EnhancerBySpringCGLIB$$2919124c] is not eligible for getting processed by all BeanPostProcessors (for example: not eligible for auto-proxying)
2019-07-30 23:38:21,955 INFO org.springframework.boot.web.embedded.tomcat.TomcatWebServer [restartedMain] Tomcat initialized with port(s): 8080 (http)
2019-07-30 23:38:21,958 INFO org.apache.juli.logging.DirectJDKLog [restartedMain] Initializing ProtocolHandler ["http-nio-8080"]
2019-07-30 23:38:21,960 INFO org.apache.juli.logging.DirectJDKLog [restartedMain] Starting service [Tomcat]
2019-07-30 23:38:21,961 INFO org.apache.juli.logging.DirectJDKLog [restartedMain] Starting Servlet engine: [Apache Tomcat/9.0.16]
2019-07-30 23:38:22,057 INFO org.apache.juli.logging.DirectJDKLog [restartedMain] Initializing Spring embedded WebApplicationContext
2019-07-30 23:38:22,057 INFO org.springframework.boot.web.servlet.context.ServletWebServerApplicationContext [restartedMain] Root WebApplicationContext: initialization completed in 4223 ms
2019-07-30 23:38:22,199 INFO com.zaxxer.hikari.HikariDataSource [restartedMain] HikariPool-2 - Starting...
2019-07-30 23:38:23,227 INFO com.zaxxer.hikari.HikariDataSource [restartedMain] HikariPool-2 - Start completed.
2019-07-30 23:38:23,236 INFO org.hibernate.jpa.internal.util.LogHelper [restartedMain] HHH000204: Processing PersistenceUnitInfo [
	name: default
	...]
2019-07-30 23:38:23,384 INFO org.hibernate.dialect.Dialect [restartedMain] HHH000400: Using dialect: org.hibernate.dialect.PostgreSQLDialect
2019-07-30 23:38:23,485 INFO org.hibernate.engine.jdbc.env.internal.LobCreatorBuilderImpl [restartedMain] HHH000421: Disabling contextual LOB creation as hibernate.jdbc.lob.non_contextual_creation is true
2019-07-30 23:38:23,486 INFO org.hibernate.type.BasicTypeRegistry [restartedMain] HHH000270: Type registration [java.util.UUID] overrides previous : org.hibernate.type.UUIDBinaryType@5103f39c
2019-07-30 23:38:24,410 INFO org.springframework.orm.jpa.AbstractEntityManagerFactoryBean [restartedMain] Initialized JPA EntityManagerFactory for persistence unit 'default'
2019-07-30 23:38:24,432 INFO org.springframework.boot.devtools.autoconfigure.OptionalLiveReloadServer [restartedMain] LiveReload server is running on port 35729
2019-07-30 23:38:24,891 INFO org.hibernate.hql.internal.QueryTranslatorFactoryInitiator [restartedMain] HHH000397: Using ASTQueryTranslatorFactory
2019-07-30 23:38:25,172 INFO org.springframework.security.web.DefaultSecurityFilterChain [restartedMain] Creating filter chain: any request, [org.springframework.security.web.context.request.async.WebAsyncManagerIntegrationFilter@38b52ab7, org.springframework.security.web.context.SecurityContextPersistenceFilter@77a191de, org.springframework.security.web.header.HeaderWriterFilter@1cbcb614, org.springframework.security.web.authentication.logout.LogoutFilter@628de039, org.springframework.security.web.authentication.UsernamePasswordAuthenticationFilter@8e64bb, org.springframework.security.web.savedrequest.RequestCacheAwareFilter@8d0c5ec, org.springframework.security.web.servletapi.SecurityContextHolderAwareRequestFilter@71a5cef4, org.springframework.security.web.authentication.AnonymousAuthenticationFilter@f6a1c3, org.springframework.security.web.session.SessionManagementFilter@13601b72, org.springframework.security.web.access.ExceptionTranslationFilter@2daa5482, org.springframework.security.web.access.intercept.FilterSecurityInterceptor@6c3d3d00]
2019-07-30 23:38:25,182 WARN org.springframework.boot.autoconfigure.orm.jpa.JpaBaseConfiguration$JpaWebConfiguration$JpaWebMvcConfiguration [restartedMain] spring.jpa.open-in-view is enabled by default. Therefore, database queries may be performed during view rendering. Explicitly configure spring.jpa.open-in-view to disable this warning
2019-07-30 23:38:25,360 WARN org.springframework.boot.autoconfigure.batch.JpaBatchConfigurer [restartedMain] JPA does not support custom isolation levels, so locks may not be taken when launching Jobs
2019-07-30 23:38:25,361 INFO org.springframework.batch.core.repository.support.JobRepositoryFactoryBean [restartedMain] No database type set, using meta data indicating: POSTGRES
2019-07-30 23:38:25,363 INFO org.springframework.batch.core.launch.support.SimpleJobLauncher [restartedMain] No TaskExecutor has been set, defaulting to synchronous executor.
2019-07-30 23:38:25,420 INFO org.springframework.scheduling.concurrent.ExecutorConfigurationSupport [restartedMain] Initializing ExecutorService 'taskScheduler'
2019-07-30 23:38:25,525 INFO org.apache.juli.logging.DirectJDKLog [restartedMain] Starting ProtocolHandler ["http-nio-8080"]
2019-07-30 23:38:25,528 INFO org.springframework.boot.web.embedded.tomcat.TomcatWebServer [restartedMain] Tomcat started on port(s): 8080 (http) with context path ''
2019-07-30 23:38:25,530 INFO org.springframework.boot.StartupInfoLogger [restartedMain] Started SicecdApplication in 8.106 seconds (JVM running for 297.944)
2019-07-30 23:38:25,534 INFO org.springframework.boot.devtools.autoconfigure.ConditionEvaluationDeltaLoggingListener [restartedMain] Condition evaluation unchanged
2019-07-30 23:38:55,905 INFO org.apache.juli.logging.DirectJDKLog [http-nio-8080-exec-1] Initializing Spring DispatcherServlet 'dispatcherServlet'
2019-07-30 23:38:55,948 INFO org.springframework.web.servlet.FrameworkServlet [http-nio-8080-exec-1] Initializing Servlet 'dispatcherServlet'
2019-07-30 23:38:56,014 INFO org.springframework.web.servlet.FrameworkServlet [http-nio-8080-exec-1] Completed initialization in 65 ms
2019-07-30 23:42:37,715 INFO org.springframework.scheduling.concurrent.ExecutorConfigurationSupport [Thread-10] Shutting down ExecutorService 'taskScheduler'
2019-07-30 23:42:37,785 INFO org.springframework.orm.jpa.AbstractEntityManagerFactoryBean [Thread-10] Closing JPA EntityManagerFactory for persistence unit 'default'
2019-07-30 23:42:37,803 INFO com.zaxxer.hikari.HikariDataSource [Thread-10] HikariPool-2 - Shutdown initiated...
2019-07-30 23:42:37,844 INFO com.zaxxer.hikari.HikariDataSource [Thread-10] HikariPool-2 - Shutdown completed.
2019-07-30 23:42:39,465 INFO org.springframework.boot.StartupInfoLogger [restartedMain] Starting SicecdApplication on Juans-MacBook-Pro.local with PID 20780 (/Users/juan/Desktop/retroProyecto/ProyectoUNAM/SICECD/target/classes started by juan in /Users/juan/Desktop/retroProyecto/ProyectoUNAM/SICECD)
2019-07-30 23:42:39,466 INFO org.springframework.boot.SpringApplication [restartedMain] No active profile set, falling back to default profiles: default
2019-07-30 23:42:42,889 INFO org.springframework.data.repository.config.RepositoryConfigurationDelegate [restartedMain] Bootstrapping Spring Data repositories in DEFAULT mode.
2019-07-30 23:42:43,196 INFO org.springframework.data.repository.config.RepositoryConfigurationDelegate [restartedMain] Finished Spring Data repository scanning in 286ms. Found 23 repository interfaces.
2019-07-30 23:42:43,339 INFO org.springframework.context.support.PostProcessorRegistrationDelegate$BeanPostProcessorChecker [restartedMain] Bean 'org.springframework.transaction.annotation.ProxyTransactionManagementConfiguration' of type [org.springframework.transaction.annotation.ProxyTransactionManagementConfiguration$$EnhancerBySpringCGLIB$$2919124c] is not eligible for getting processed by all BeanPostProcessors (for example: not eligible for auto-proxying)
2019-07-30 23:42:43,512 INFO org.springframework.boot.web.embedded.tomcat.TomcatWebServer [restartedMain] Tomcat initialized with port(s): 8080 (http)
2019-07-30 23:42:43,513 INFO org.apache.juli.logging.DirectJDKLog [restartedMain] Initializing ProtocolHandler ["http-nio-8080"]
2019-07-30 23:42:43,515 INFO org.apache.juli.logging.DirectJDKLog [restartedMain] Starting service [Tomcat]
2019-07-30 23:42:43,516 INFO org.apache.juli.logging.DirectJDKLog [restartedMain] Starting Servlet engine: [Apache Tomcat/9.0.16]
2019-07-30 23:42:43,564 INFO org.apache.juli.logging.DirectJDKLog [restartedMain] Initializing Spring embedded WebApplicationContext
2019-07-30 23:42:43,564 INFO org.springframework.boot.web.servlet.context.ServletWebServerApplicationContext [restartedMain] Root WebApplicationContext: initialization completed in 4095 ms
2019-07-30 23:42:43,879 INFO com.zaxxer.hikari.HikariDataSource [restartedMain] HikariPool-3 - Starting...
2019-07-30 23:42:44,667 INFO com.zaxxer.hikari.HikariDataSource [restartedMain] HikariPool-3 - Start completed.
2019-07-30 23:42:44,676 INFO org.hibernate.jpa.internal.util.LogHelper [restartedMain] HHH000204: Processing PersistenceUnitInfo [
	name: default
	...]
2019-07-30 23:42:44,946 INFO org.hibernate.dialect.Dialect [restartedMain] HHH000400: Using dialect: org.hibernate.dialect.PostgreSQLDialect
2019-07-30 23:42:45,041 INFO org.hibernate.engine.jdbc.env.internal.LobCreatorBuilderImpl [restartedMain] HHH000421: Disabling contextual LOB creation as hibernate.jdbc.lob.non_contextual_creation is true
2019-07-30 23:42:45,042 INFO org.hibernate.type.BasicTypeRegistry [restartedMain] HHH000270: Type registration [java.util.UUID] overrides previous : org.hibernate.type.UUIDBinaryType@5103f39c
2019-07-30 23:42:45,704 INFO org.springframework.orm.jpa.AbstractEntityManagerFactoryBean [restartedMain] Initialized JPA EntityManagerFactory for persistence unit 'default'
2019-07-30 23:42:45,754 INFO org.springframework.boot.devtools.autoconfigure.OptionalLiveReloadServer [restartedMain] LiveReload server is running on port 35729
2019-07-30 23:42:46,352 INFO org.hibernate.hql.internal.QueryTranslatorFactoryInitiator [restartedMain] HHH000397: Using ASTQueryTranslatorFactory
2019-07-30 23:42:46,581 INFO org.springframework.security.web.DefaultSecurityFilterChain [restartedMain] Creating filter chain: any request, [org.springframework.security.web.context.request.async.WebAsyncManagerIntegrationFilter@529c6556, org.springframework.security.web.context.SecurityContextPersistenceFilter@72d983b6, org.springframework.security.web.header.HeaderWriterFilter@22ccc0e, org.springframework.security.web.authentication.logout.LogoutFilter@32162b9a, org.springframework.security.web.authentication.UsernamePasswordAuthenticationFilter@44a757ac, org.springframework.security.web.savedrequest.RequestCacheAwareFilter@4b1456ee, org.springframework.security.web.servletapi.SecurityContextHolderAwareRequestFilter@2f3caf3e, org.springframework.security.web.authentication.AnonymousAuthenticationFilter@7c8a99d2, org.springframework.security.web.session.SessionManagementFilter@1dc01ef5, org.springframework.security.web.access.ExceptionTranslationFilter@538d4f2c, org.springframework.security.web.access.intercept.FilterSecurityInterceptor@4c5e6cf4]
2019-07-30 23:42:46,612 WARN org.springframework.boot.autoconfigure.orm.jpa.JpaBaseConfiguration$JpaWebConfiguration$JpaWebMvcConfiguration [restartedMain] spring.jpa.open-in-view is enabled by default. Therefore, database queries may be performed during view rendering. Explicitly configure spring.jpa.open-in-view to disable this warning
2019-07-30 23:42:46,758 WARN org.springframework.boot.autoconfigure.batch.JpaBatchConfigurer [restartedMain] JPA does not support custom isolation levels, so locks may not be taken when launching Jobs
2019-07-30 23:42:46,775 INFO org.springframework.batch.core.repository.support.JobRepositoryFactoryBean [restartedMain] No database type set, using meta data indicating: POSTGRES
2019-07-30 23:42:46,776 INFO org.springframework.batch.core.launch.support.SimpleJobLauncher [restartedMain] No TaskExecutor has been set, defaulting to synchronous executor.
2019-07-30 23:42:46,832 INFO org.springframework.scheduling.concurrent.ExecutorConfigurationSupport [restartedMain] Initializing ExecutorService 'taskScheduler'
2019-07-30 23:42:46,948 INFO org.apache.juli.logging.DirectJDKLog [restartedMain] Starting ProtocolHandler ["http-nio-8080"]
2019-07-30 23:42:46,952 INFO org.springframework.boot.web.embedded.tomcat.TomcatWebServer [restartedMain] Tomcat started on port(s): 8080 (http) with context path ''
2019-07-30 23:42:46,953 INFO org.springframework.boot.StartupInfoLogger [restartedMain] Started SicecdApplication in 7.916 seconds (JVM running for 559.356)
2019-07-30 23:42:46,957 INFO org.springframework.boot.devtools.autoconfigure.ConditionEvaluationDeltaLoggingListener [restartedMain] Condition evaluation unchanged
2019-07-30 23:43:12,455 INFO org.apache.juli.logging.DirectJDKLog [http-nio-8080-exec-1] Initializing Spring DispatcherServlet 'dispatcherServlet'
2019-07-30 23:43:12,471 INFO org.springframework.web.servlet.FrameworkServlet [http-nio-8080-exec-1] Initializing Servlet 'dispatcherServlet'
2019-07-30 23:43:12,480 INFO org.springframework.web.servlet.FrameworkServlet [http-nio-8080-exec-1] Completed initialization in 9 ms
2019-07-30 23:47:38,579 INFO org.springframework.scheduling.concurrent.ExecutorConfigurationSupport [Thread-17] Shutting down ExecutorService 'taskScheduler'
2019-07-30 23:47:38,646 INFO org.springframework.orm.jpa.AbstractEntityManagerFactoryBean [Thread-17] Closing JPA EntityManagerFactory for persistence unit 'default'
2019-07-30 23:47:38,651 INFO com.zaxxer.hikari.HikariDataSource [Thread-17] HikariPool-3 - Shutdown initiated...
2019-07-30 23:47:38,664 INFO com.zaxxer.hikari.HikariDataSource [Thread-17] HikariPool-3 - Shutdown completed.
2019-07-30 23:47:39,918 INFO org.springframework.boot.StartupInfoLogger [restartedMain] Starting SicecdApplication on Juans-MacBook-Pro.local with PID 20780 (/Users/juan/Desktop/retroProyecto/ProyectoUNAM/SICECD/target/classes started by juan in /Users/juan/Desktop/retroProyecto/ProyectoUNAM/SICECD)
2019-07-30 23:47:39,919 INFO org.springframework.boot.SpringApplication [restartedMain] No active profile set, falling back to default profiles: default
2019-07-30 23:47:43,002 INFO org.springframework.data.repository.config.RepositoryConfigurationDelegate [restartedMain] Bootstrapping Spring Data repositories in DEFAULT mode.
2019-07-30 23:47:43,484 INFO org.springframework.data.repository.config.RepositoryConfigurationDelegate [restartedMain] Finished Spring Data repository scanning in 481ms. Found 23 repository interfaces.
2019-07-30 23:47:43,635 INFO org.springframework.context.support.PostProcessorRegistrationDelegate$BeanPostProcessorChecker [restartedMain] Bean 'org.springframework.transaction.annotation.ProxyTransactionManagementConfiguration' of type [org.springframework.transaction.annotation.ProxyTransactionManagementConfiguration$$EnhancerBySpringCGLIB$$2919124c] is not eligible for getting processed by all BeanPostProcessors (for example: not eligible for auto-proxying)
2019-07-30 23:47:43,899 INFO org.springframework.boot.web.embedded.tomcat.TomcatWebServer [restartedMain] Tomcat initialized with port(s): 8080 (http)
2019-07-30 23:47:43,902 INFO org.apache.juli.logging.DirectJDKLog [restartedMain] Initializing ProtocolHandler ["http-nio-8080"]
2019-07-30 23:47:43,903 INFO org.apache.juli.logging.DirectJDKLog [restartedMain] Starting service [Tomcat]
2019-07-30 23:47:43,904 INFO org.apache.juli.logging.DirectJDKLog [restartedMain] Starting Servlet engine: [Apache Tomcat/9.0.16]
2019-07-30 23:47:43,943 INFO org.apache.juli.logging.DirectJDKLog [restartedMain] Initializing Spring embedded WebApplicationContext
2019-07-30 23:47:43,943 INFO org.springframework.boot.web.servlet.context.ServletWebServerApplicationContext [restartedMain] Root WebApplicationContext: initialization completed in 4018 ms
2019-07-30 23:47:44,132 INFO com.zaxxer.hikari.HikariDataSource [restartedMain] HikariPool-4 - Starting...
2019-07-30 23:47:44,428 INFO com.zaxxer.hikari.HikariDataSource [restartedMain] HikariPool-4 - Start completed.
2019-07-30 23:47:44,438 INFO org.hibernate.jpa.internal.util.LogHelper [restartedMain] HHH000204: Processing PersistenceUnitInfo [
	name: default
	...]
2019-07-30 23:47:44,476 INFO org.hibernate.dialect.Dialect [restartedMain] HHH000400: Using dialect: org.hibernate.dialect.PostgreSQLDialect
2019-07-30 23:47:44,565 INFO org.hibernate.engine.jdbc.env.internal.LobCreatorBuilderImpl [restartedMain] HHH000421: Disabling contextual LOB creation as hibernate.jdbc.lob.non_contextual_creation is true
2019-07-30 23:47:44,566 INFO org.hibernate.type.BasicTypeRegistry [restartedMain] HHH000270: Type registration [java.util.UUID] overrides previous : org.hibernate.type.UUIDBinaryType@5103f39c
2019-07-30 23:47:45,205 INFO org.springframework.orm.jpa.AbstractEntityManagerFactoryBean [restartedMain] Initialized JPA EntityManagerFactory for persistence unit 'default'
2019-07-30 23:47:45,283 INFO org.springframework.boot.devtools.autoconfigure.OptionalLiveReloadServer [restartedMain] LiveReload server is running on port 35729
2019-07-30 23:47:45,942 INFO org.hibernate.hql.internal.QueryTranslatorFactoryInitiator [restartedMain] HHH000397: Using ASTQueryTranslatorFactory
2019-07-30 23:47:46,236 INFO org.springframework.security.web.DefaultSecurityFilterChain [restartedMain] Creating filter chain: any request, [org.springframework.security.web.context.request.async.WebAsyncManagerIntegrationFilter@2905781c, org.springframework.security.web.context.SecurityContextPersistenceFilter@610fade7, org.springframework.security.web.header.HeaderWriterFilter@1476c666, org.springframework.security.web.authentication.logout.LogoutFilter@38e2100a, org.springframework.security.web.authentication.UsernamePasswordAuthenticationFilter@27214253, org.springframework.security.web.savedrequest.RequestCacheAwareFilter@58c5b77c, org.springframework.security.web.servletapi.SecurityContextHolderAwareRequestFilter@7a220ff4, org.springframework.security.web.authentication.AnonymousAuthenticationFilter@98b8a07, org.springframework.security.web.session.SessionManagementFilter@58934238, org.springframework.security.web.access.ExceptionTranslationFilter@511d0dcf, org.springframework.security.web.access.intercept.FilterSecurityInterceptor@1360ab9c]
2019-07-30 23:47:46,247 WARN org.springframework.boot.autoconfigure.orm.jpa.JpaBaseConfiguration$JpaWebConfiguration$JpaWebMvcConfiguration [restartedMain] spring.jpa.open-in-view is enabled by default. Therefore, database queries may be performed during view rendering. Explicitly configure spring.jpa.open-in-view to disable this warning
2019-07-30 23:47:46,490 WARN org.springframework.boot.autoconfigure.batch.JpaBatchConfigurer [restartedMain] JPA does not support custom isolation levels, so locks may not be taken when launching Jobs
2019-07-30 23:47:46,496 INFO org.springframework.batch.core.repository.support.JobRepositoryFactoryBean [restartedMain] No database type set, using meta data indicating: POSTGRES
2019-07-30 23:47:46,498 INFO org.springframework.batch.core.launch.support.SimpleJobLauncher [restartedMain] No TaskExecutor has been set, defaulting to synchronous executor.
2019-07-30 23:47:46,599 INFO org.springframework.scheduling.concurrent.ExecutorConfigurationSupport [restartedMain] Initializing ExecutorService 'taskScheduler'
2019-07-30 23:47:46,724 INFO org.apache.juli.logging.DirectJDKLog [restartedMain] Starting ProtocolHandler ["http-nio-8080"]
2019-07-30 23:47:46,732 INFO org.springframework.boot.web.embedded.tomcat.TomcatWebServer [restartedMain] Tomcat started on port(s): 8080 (http) with context path ''
2019-07-30 23:47:46,734 INFO org.springframework.boot.StartupInfoLogger [restartedMain] Started SicecdApplication in 7.246 seconds (JVM running for 859.124)
2019-07-30 23:47:46,739 INFO org.springframework.boot.devtools.autoconfigure.ConditionEvaluationDeltaLoggingListener [restartedMain] Condition evaluation unchanged
2019-07-30 23:47:55,129 INFO org.apache.juli.logging.DirectJDKLog [http-nio-8080-exec-1] Initializing Spring DispatcherServlet 'dispatcherServlet'
2019-07-30 23:47:55,175 INFO org.springframework.web.servlet.FrameworkServlet [http-nio-8080-exec-1] Initializing Servlet 'dispatcherServlet'
2019-07-30 23:47:55,193 INFO org.springframework.web.servlet.FrameworkServlet [http-nio-8080-exec-1] Completed initialization in 17 ms
2019-07-30 23:49:06,095 INFO org.springframework.scheduling.concurrent.ExecutorConfigurationSupport [Thread-24] Shutting down ExecutorService 'taskScheduler'
2019-07-30 23:49:06,191 INFO org.springframework.orm.jpa.AbstractEntityManagerFactoryBean [Thread-24] Closing JPA EntityManagerFactory for persistence unit 'default'
2019-07-30 23:49:06,199 INFO com.zaxxer.hikari.HikariDataSource [Thread-24] HikariPool-4 - Shutdown initiated...
2019-07-30 23:49:06,236 INFO com.zaxxer.hikari.HikariDataSource [Thread-24] HikariPool-4 - Shutdown completed.
2019-07-30 23:49:07,275 INFO org.springframework.boot.StartupInfoLogger [restartedMain] Starting SicecdApplication on Juans-MacBook-Pro.local with PID 20780 (/Users/juan/Desktop/retroProyecto/ProyectoUNAM/SICECD/target/classes started by juan in /Users/juan/Desktop/retroProyecto/ProyectoUNAM/SICECD)
2019-07-30 23:49:07,276 INFO org.springframework.boot.SpringApplication [restartedMain] No active profile set, falling back to default profiles: default
2019-07-30 23:49:10,196 INFO org.springframework.data.repository.config.RepositoryConfigurationDelegate [restartedMain] Bootstrapping Spring Data repositories in DEFAULT mode.
2019-07-30 23:49:10,901 INFO org.springframework.data.repository.config.RepositoryConfigurationDelegate [restartedMain] Finished Spring Data repository scanning in 705ms. Found 23 repository interfaces.
2019-07-30 23:49:11,037 INFO org.springframework.context.support.PostProcessorRegistrationDelegate$BeanPostProcessorChecker [restartedMain] Bean 'org.springframework.transaction.annotation.ProxyTransactionManagementConfiguration' of type [org.springframework.transaction.annotation.ProxyTransactionManagementConfiguration$$EnhancerBySpringCGLIB$$2919124c] is not eligible for getting processed by all BeanPostProcessors (for example: not eligible for auto-proxying)
2019-07-30 23:49:11,341 INFO org.springframework.boot.web.embedded.tomcat.TomcatWebServer [restartedMain] Tomcat initialized with port(s): 8080 (http)
2019-07-30 23:49:11,343 INFO org.apache.juli.logging.DirectJDKLog [restartedMain] Initializing ProtocolHandler ["http-nio-8080"]
2019-07-30 23:49:11,344 INFO org.apache.juli.logging.DirectJDKLog [restartedMain] Starting service [Tomcat]
2019-07-30 23:49:11,344 INFO org.apache.juli.logging.DirectJDKLog [restartedMain] Starting Servlet engine: [Apache Tomcat/9.0.16]
2019-07-30 23:49:11,446 INFO org.apache.juli.logging.DirectJDKLog [restartedMain] Initializing Spring embedded WebApplicationContext
2019-07-30 23:49:11,446 INFO org.springframework.boot.web.servlet.context.ServletWebServerApplicationContext [restartedMain] Root WebApplicationContext: initialization completed in 4166 ms
2019-07-30 23:49:11,699 INFO com.zaxxer.hikari.HikariDataSource [restartedMain] HikariPool-5 - Starting...
2019-07-30 23:49:13,462 INFO com.zaxxer.hikari.HikariDataSource [restartedMain] HikariPool-5 - Start completed.
2019-07-30 23:49:13,476 INFO org.hibernate.jpa.internal.util.LogHelper [restartedMain] HHH000204: Processing PersistenceUnitInfo [
	name: default
	...]
2019-07-30 23:49:13,755 INFO org.hibernate.dialect.Dialect [restartedMain] HHH000400: Using dialect: org.hibernate.dialect.PostgreSQLDialect
2019-07-30 23:49:13,901 INFO org.hibernate.engine.jdbc.env.internal.LobCreatorBuilderImpl [restartedMain] HHH000421: Disabling contextual LOB creation as hibernate.jdbc.lob.non_contextual_creation is true
2019-07-30 23:49:13,902 INFO org.hibernate.type.BasicTypeRegistry [restartedMain] HHH000270: Type registration [java.util.UUID] overrides previous : org.hibernate.type.UUIDBinaryType@5103f39c
2019-07-30 23:49:14,723 INFO org.springframework.orm.jpa.AbstractEntityManagerFactoryBean [restartedMain] Initialized JPA EntityManagerFactory for persistence unit 'default'
2019-07-30 23:49:14,755 INFO org.springframework.boot.devtools.autoconfigure.OptionalLiveReloadServer [restartedMain] LiveReload server is running on port 35729
2019-07-30 23:49:15,299 INFO org.hibernate.hql.internal.QueryTranslatorFactoryInitiator [restartedMain] HHH000397: Using ASTQueryTranslatorFactory
2019-07-30 23:49:15,670 INFO org.springframework.security.web.DefaultSecurityFilterChain [restartedMain] Creating filter chain: any request, [org.springframework.security.web.context.request.async.WebAsyncManagerIntegrationFilter@7ea103dc, org.springframework.security.web.context.SecurityContextPersistenceFilter@599d57a8, org.springframework.security.web.header.HeaderWriterFilter@5f4c7b2e, org.springframework.security.web.authentication.logout.LogoutFilter@1e20306b, org.springframework.security.web.authentication.UsernamePasswordAuthenticationFilter@23658a65, org.springframework.security.web.savedrequest.RequestCacheAwareFilter@6fe18def, org.springframework.security.web.servletapi.SecurityContextHolderAwareRequestFilter@53481e36, org.springframework.security.web.authentication.AnonymousAuthenticationFilter@6745f9a8, org.springframework.security.web.session.SessionManagementFilter@ce829b5, org.springframework.security.web.access.ExceptionTranslationFilter@3951f37f, org.springframework.security.web.access.intercept.FilterSecurityInterceptor@a185e21]
2019-07-30 23:49:15,701 WARN org.springframework.boot.autoconfigure.orm.jpa.JpaBaseConfiguration$JpaWebConfiguration$JpaWebMvcConfiguration [restartedMain] spring.jpa.open-in-view is enabled by default. Therefore, database queries may be performed during view rendering. Explicitly configure spring.jpa.open-in-view to disable this warning
2019-07-30 23:49:15,850 WARN org.springframework.boot.autoconfigure.batch.JpaBatchConfigurer [restartedMain] JPA does not support custom isolation levels, so locks may not be taken when launching Jobs
2019-07-30 23:49:15,851 INFO org.springframework.batch.core.repository.support.JobRepositoryFactoryBean [restartedMain] No database type set, using meta data indicating: POSTGRES
2019-07-30 23:49:15,851 INFO org.springframework.batch.core.launch.support.SimpleJobLauncher [restartedMain] No TaskExecutor has been set, defaulting to synchronous executor.
2019-07-30 23:49:15,915 INFO org.springframework.scheduling.concurrent.ExecutorConfigurationSupport [restartedMain] Initializing ExecutorService 'taskScheduler'
2019-07-30 23:49:16,072 INFO org.apache.juli.logging.DirectJDKLog [restartedMain] Starting ProtocolHandler ["http-nio-8080"]
2019-07-30 23:49:16,079 INFO org.springframework.boot.web.embedded.tomcat.TomcatWebServer [restartedMain] Tomcat started on port(s): 8080 (http) with context path ''
2019-07-30 23:49:16,094 INFO org.springframework.boot.StartupInfoLogger [restartedMain] Started SicecdApplication in 9.003 seconds (JVM running for 948.48)
2019-07-30 23:49:16,103 INFO org.springframework.boot.devtools.autoconfigure.ConditionEvaluationDeltaLoggingListener [restartedMain] Condition evaluation unchanged
2019-07-30 23:49:18,883 INFO org.apache.juli.logging.DirectJDKLog [http-nio-8080-exec-1] Initializing Spring DispatcherServlet 'dispatcherServlet'
2019-07-30 23:49:18,920 INFO org.springframework.web.servlet.FrameworkServlet [http-nio-8080-exec-1] Initializing Servlet 'dispatcherServlet'
2019-07-30 23:49:18,932 INFO org.springframework.web.servlet.FrameworkServlet [http-nio-8080-exec-1] Completed initialization in 11 ms
2019-07-30 23:50:48,380 INFO org.springframework.scheduling.concurrent.ExecutorConfigurationSupport [Thread-31] Shutting down ExecutorService 'taskScheduler'
2019-07-30 23:50:48,445 INFO org.springframework.orm.jpa.AbstractEntityManagerFactoryBean [Thread-31] Closing JPA EntityManagerFactory for persistence unit 'default'
2019-07-30 23:50:48,455 INFO com.zaxxer.hikari.HikariDataSource [Thread-31] HikariPool-5 - Shutdown initiated...
2019-07-30 23:50:48,464 INFO com.zaxxer.hikari.HikariDataSource [Thread-31] HikariPool-5 - Shutdown completed.
2019-07-30 23:50:49,597 INFO org.springframework.boot.StartupInfoLogger [restartedMain] Starting SicecdApplication on Juans-MacBook-Pro.local with PID 20780 (/Users/juan/Desktop/retroProyecto/ProyectoUNAM/SICECD/target/classes started by juan in /Users/juan/Desktop/retroProyecto/ProyectoUNAM/SICECD)
2019-07-30 23:50:49,598 INFO org.springframework.boot.SpringApplication [restartedMain] No active profile set, falling back to default profiles: default
2019-07-30 23:50:51,722 INFO org.springframework.data.repository.config.RepositoryConfigurationDelegate [restartedMain] Bootstrapping Spring Data repositories in DEFAULT mode.
2019-07-30 23:50:52,069 INFO org.springframework.data.repository.config.RepositoryConfigurationDelegate [restartedMain] Finished Spring Data repository scanning in 346ms. Found 23 repository interfaces.
2019-07-30 23:50:52,197 INFO org.springframework.context.support.PostProcessorRegistrationDelegate$BeanPostProcessorChecker [restartedMain] Bean 'org.springframework.transaction.annotation.ProxyTransactionManagementConfiguration' of type [org.springframework.transaction.annotation.ProxyTransactionManagementConfiguration$$EnhancerBySpringCGLIB$$2919124c] is not eligible for getting processed by all BeanPostProcessors (for example: not eligible for auto-proxying)
2019-07-30 23:50:52,322 INFO org.springframework.boot.web.embedded.tomcat.TomcatWebServer [restartedMain] Tomcat initialized with port(s): 8080 (http)
2019-07-30 23:50:52,324 INFO org.apache.juli.logging.DirectJDKLog [restartedMain] Initializing ProtocolHandler ["http-nio-8080"]
2019-07-30 23:50:52,325 INFO org.apache.juli.logging.DirectJDKLog [restartedMain] Starting service [Tomcat]
2019-07-30 23:50:52,326 INFO org.apache.juli.logging.DirectJDKLog [restartedMain] Starting Servlet engine: [Apache Tomcat/9.0.16]
2019-07-30 23:50:52,364 INFO org.apache.juli.logging.DirectJDKLog [restartedMain] Initializing Spring embedded WebApplicationContext
2019-07-30 23:50:52,364 INFO org.springframework.boot.web.servlet.context.ServletWebServerApplicationContext [restartedMain] Root WebApplicationContext: initialization completed in 2762 ms
2019-07-30 23:50:52,530 INFO com.zaxxer.hikari.HikariDataSource [restartedMain] HikariPool-6 - Starting...
2019-07-30 23:50:52,672 INFO com.zaxxer.hikari.HikariDataSource [restartedMain] HikariPool-6 - Start completed.
2019-07-30 23:50:52,680 INFO org.hibernate.jpa.internal.util.LogHelper [restartedMain] HHH000204: Processing PersistenceUnitInfo [
	name: default
	...]
2019-07-30 23:50:52,711 INFO org.hibernate.dialect.Dialect [restartedMain] HHH000400: Using dialect: org.hibernate.dialect.PostgreSQLDialect
2019-07-30 23:50:52,810 INFO org.hibernate.engine.jdbc.env.internal.LobCreatorBuilderImpl [restartedMain] HHH000421: Disabling contextual LOB creation as hibernate.jdbc.lob.non_contextual_creation is true
2019-07-30 23:50:52,811 INFO org.hibernate.type.BasicTypeRegistry [restartedMain] HHH000270: Type registration [java.util.UUID] overrides previous : org.hibernate.type.UUIDBinaryType@5103f39c
2019-07-30 23:50:53,310 INFO org.springframework.orm.jpa.AbstractEntityManagerFactoryBean [restartedMain] Initialized JPA EntityManagerFactory for persistence unit 'default'
2019-07-30 23:50:53,331 INFO org.springframework.boot.devtools.autoconfigure.OptionalLiveReloadServer [restartedMain] LiveReload server is running on port 35729
2019-07-30 23:50:53,810 INFO org.hibernate.hql.internal.QueryTranslatorFactoryInitiator [restartedMain] HHH000397: Using ASTQueryTranslatorFactory
2019-07-30 23:50:54,157 INFO org.springframework.security.web.DefaultSecurityFilterChain [restartedMain] Creating filter chain: any request, [org.springframework.security.web.context.request.async.WebAsyncManagerIntegrationFilter@33dba489, org.springframework.security.web.context.SecurityContextPersistenceFilter@43e29548, org.springframework.security.web.header.HeaderWriterFilter@7f1f15e, org.springframework.security.web.authentication.logout.LogoutFilter@c5773a8, org.springframework.security.web.authentication.UsernamePasswordAuthenticationFilter@358de2f3, org.springframework.security.web.savedrequest.RequestCacheAwareFilter@13e75e73, org.springframework.security.web.servletapi.SecurityContextHolderAwareRequestFilter@1b143650, org.springframework.security.web.authentication.AnonymousAuthenticationFilter@7b789527, org.springframework.security.web.session.SessionManagementFilter@3144d208, org.springframework.security.web.access.ExceptionTranslationFilter@4c238ec1, org.springframework.security.web.access.intercept.FilterSecurityInterceptor@7e86c402]
2019-07-30 23:50:54,170 WARN org.springframework.boot.autoconfigure.orm.jpa.JpaBaseConfiguration$JpaWebConfiguration$JpaWebMvcConfiguration [restartedMain] spring.jpa.open-in-view is enabled by default. Therefore, database queries may be performed during view rendering. Explicitly configure spring.jpa.open-in-view to disable this warning
2019-07-30 23:50:54,419 WARN org.springframework.boot.autoconfigure.batch.JpaBatchConfigurer [restartedMain] JPA does not support custom isolation levels, so locks may not be taken when launching Jobs
2019-07-30 23:50:54,420 INFO org.springframework.batch.core.repository.support.JobRepositoryFactoryBean [restartedMain] No database type set, using meta data indicating: POSTGRES
2019-07-30 23:50:54,423 INFO org.springframework.batch.core.launch.support.SimpleJobLauncher [restartedMain] No TaskExecutor has been set, defaulting to synchronous executor.
2019-07-30 23:50:54,489 INFO org.springframework.scheduling.concurrent.ExecutorConfigurationSupport [restartedMain] Initializing ExecutorService 'taskScheduler'
2019-07-30 23:50:54,612 INFO org.apache.juli.logging.DirectJDKLog [restartedMain] Starting ProtocolHandler ["http-nio-8080"]
2019-07-30 23:50:54,627 INFO org.springframework.boot.web.embedded.tomcat.TomcatWebServer [restartedMain] Tomcat started on port(s): 8080 (http) with context path ''
2019-07-30 23:50:54,628 INFO org.springframework.boot.StartupInfoLogger [restartedMain] Started SicecdApplication in 5.491 seconds (JVM running for 1047.009)
2019-07-30 23:50:54,632 INFO org.springframework.boot.devtools.autoconfigure.ConditionEvaluationDeltaLoggingListener [restartedMain] Condition evaluation unchanged
2019-07-30 23:51:20,357 INFO org.apache.juli.logging.DirectJDKLog [http-nio-8080-exec-1] Initializing Spring DispatcherServlet 'dispatcherServlet'
2019-07-30 23:51:20,393 INFO org.springframework.web.servlet.FrameworkServlet [http-nio-8080-exec-1] Initializing Servlet 'dispatcherServlet'
2019-07-30 23:51:20,431 INFO org.springframework.web.servlet.FrameworkServlet [http-nio-8080-exec-1] Completed initialization in 38 ms
