2019-07-24 19:27:06,945 INFO org.springframework.boot.StartupInfoLogger [restartedMain] Starting SicecdApplication on Developer with PID 720 (C:\Eclipse\SICECD\ProyectoUNAM\SICECD\target\classes started by JuanCarlos in C:\Eclipse\SICECD\ProyectoUNAM\SICECD)
2019-07-24 19:27:06,953 INFO org.springframework.boot.SpringApplication [restartedMain] No active profile set, falling back to default profiles: default
2019-07-24 19:27:07,335 INFO org.springframework.boot.logging.DeferredLog [restartedMain] Devtools property defaults active! Set 'spring.devtools.add-properties' to 'false' to disable
2019-07-24 19:27:07,410 INFO org.springframework.boot.logging.DeferredLog [restartedMain] For additional web related logging consider setting the 'logging.level.web' property to 'DEBUG'
2019-07-24 19:27:10,797 INFO org.springframework.data.repository.config.RepositoryConfigurationDelegate [restartedMain] Bootstrapping Spring Data repositories in DEFAULT mode.
2019-07-24 19:27:11,266 INFO org.springframework.data.repository.config.RepositoryConfigurationDelegate [restartedMain] Finished Spring Data repository scanning in 437ms. Found 23 repository interfaces.
2019-07-24 19:27:12,485 INFO org.springframework.context.support.PostProcessorRegistrationDelegate$BeanPostProcessorChecker [restartedMain] Bean 'org.springframework.transaction.annotation.ProxyTransactionManagementConfiguration' of type [org.springframework.transaction.annotation.ProxyTransactionManagementConfiguration$$EnhancerBySpringCGLIB$$2d3ab2ef] is not eligible for getting processed by all BeanPostProcessors (for example: not eligible for auto-proxying)
2019-07-24 19:27:14,323 INFO org.springframework.boot.web.embedded.tomcat.TomcatWebServer [restartedMain] Tomcat initialized with port(s): 8080 (http)
2019-07-24 19:27:14,399 INFO org.apache.juli.logging.DirectJDKLog [restartedMain] Initializing ProtocolHandler ["http-nio-8080"]
2019-07-24 19:27:14,471 INFO org.apache.juli.logging.DirectJDKLog [restartedMain] Starting service [Tomcat]
2019-07-24 19:27:14,472 INFO org.apache.juli.logging.DirectJDKLog [restartedMain] Starting Servlet engine: [Apache Tomcat/9.0.16]
2019-07-24 19:27:14,509 INFO org.apache.juli.logging.DirectJDKLog [restartedMain] The APR based Apache Tomcat Native library which allows optimal performance in production environments was not found on the java.library.path: [C:\Java\jdk-11.0.2\bin;C:\WINDOWS\Sun\Java\bin;C:\WINDOWS\system32;C:\WINDOWS;C:\Program Files (x86)\Common Files\Oracle\Java\javapath;C:\Program Files (x86)\AMD APP\bin\x86_64;C:\Program Files (x86)\AMD APP\bin\x86;C:\WINDOWS\system32;C:\WINDOWS;C:\WINDOWS\System32\Wbem;C:\WINDOWS\System32\WindowsPowerShell\v1.0\;C:\Program Files (x86)\Windows Live\Shared;C:\Program Files (x86)\ATI Technologies\ATI.ACE\Core-Static;C:\Program Files (x86)\AMD\ATI.ACE\Core-Static;C:\Users\JuanCarlos\AppData\Local\Programs\Python\Python37-32\Scripts\;C:\Users\JuanCarlos\AppData\Local\Programs\Python\Python37-32\;.]
2019-07-24 19:27:14,906 INFO org.apache.juli.logging.DirectJDKLog [restartedMain] Initializing Spring embedded WebApplicationContext
2019-07-24 19:27:15,173 INFO org.springframework.boot.web.servlet.context.ServletWebServerApplicationContext [restartedMain] Root WebApplicationContext: initialization completed in 7762 ms
2019-07-24 19:27:16,163 INFO com.zaxxer.hikari.HikariDataSource [restartedMain] HikariPool-1 - Starting...
2019-07-24 19:27:16,532 INFO com.zaxxer.hikari.HikariDataSource [restartedMain] HikariPool-1 - Start completed.
2019-07-24 19:27:16,804 INFO org.hibernate.jpa.internal.util.LogHelper [restartedMain] HHH000204: Processing PersistenceUnitInfo [
	name: default
	...]
2019-07-24 19:27:17,168 INFO org.hibernate.Version [restartedMain] HHH000412: Hibernate Core {5.3.7.Final}
2019-07-24 19:27:17,199 INFO org.hibernate.cfg.Environment [restartedMain] HHH000206: hibernate.properties not found
2019-07-24 19:27:17,893 INFO org.hibernate.annotations.common.reflection.java.JavaReflectionManager [restartedMain] HCANN000001: Hibernate Commons Annotations {5.0.4.Final}
2019-07-24 19:27:18,518 INFO org.hibernate.dialect.Dialect [restartedMain] HHH000400: Using dialect: org.hibernate.dialect.PostgreSQLDialect
2019-07-24 19:27:18,937 INFO org.hibernate.engine.jdbc.env.internal.LobCreatorBuilderImpl [restartedMain] HHH000421: Disabling contextual LOB creation as hibernate.jdbc.lob.non_contextual_creation is true
2019-07-24 19:27:18,992 INFO org.hibernate.type.BasicTypeRegistry [restartedMain] HHH000270: Type registration [java.util.UUID] overrides previous : org.hibernate.type.UUIDBinaryType@716f8090
2019-07-24 19:27:24,447 INFO org.springframework.orm.jpa.AbstractEntityManagerFactoryBean [restartedMain] Initialized JPA EntityManagerFactory for persistence unit 'default'
2019-07-24 19:27:24,594 INFO org.springframework.boot.devtools.autoconfigure.OptionalLiveReloadServer [restartedMain] LiveReload server is running on port 35729
2019-07-24 19:27:26,463 INFO org.hibernate.hql.internal.QueryTranslatorFactoryInitiator [restartedMain] HHH000397: Using ASTQueryTranslatorFactory
2019-07-24 19:27:27,406 INFO org.springframework.security.web.DefaultSecurityFilterChain [restartedMain] Creating filter chain: any request, [org.springframework.security.web.context.request.async.WebAsyncManagerIntegrationFilter@718f6e25, org.springframework.security.web.context.SecurityContextPersistenceFilter@5cb9e2f7, org.springframework.security.web.header.HeaderWriterFilter@5c6a320f, org.springframework.security.web.authentication.logout.LogoutFilter@7d5f71bf, org.springframework.security.web.authentication.UsernamePasswordAuthenticationFilter@4a047c28, org.springframework.security.web.savedrequest.RequestCacheAwareFilter@3926e5ef, org.springframework.security.web.servletapi.SecurityContextHolderAwareRequestFilter@12d9d805, org.springframework.security.web.authentication.AnonymousAuthenticationFilter@3af44ed8, org.springframework.security.web.session.SessionManagementFilter@61201e5e, org.springframework.security.web.access.ExceptionTranslationFilter@56879f81, org.springframework.security.web.access.intercept.FilterSecurityInterceptor@4d20ef90]
2019-07-24 19:27:27,473 WARN org.springframework.boot.autoconfigure.orm.jpa.JpaBaseConfiguration$JpaWebConfiguration$JpaWebMvcConfiguration [restartedMain] spring.jpa.open-in-view is enabled by default. Therefore, database queries may be performed during view rendering. Explicitly configure spring.jpa.open-in-view to disable this warning
2019-07-24 19:27:27,965 WARN org.springframework.boot.autoconfigure.batch.JpaBatchConfigurer [restartedMain] JPA does not support custom isolation levels, so locks may not be taken when launching Jobs
2019-07-24 19:27:28,024 INFO org.springframework.batch.core.repository.support.JobRepositoryFactoryBean [restartedMain] No database type set, using meta data indicating: POSTGRES
2019-07-24 19:27:28,063 INFO org.springframework.batch.core.launch.support.SimpleJobLauncher [restartedMain] No TaskExecutor has been set, defaulting to synchronous executor.
2019-07-24 19:27:28,259 INFO org.springframework.scheduling.concurrent.ExecutorConfigurationSupport [restartedMain] Initializing ExecutorService 'taskScheduler'
2019-07-24 19:27:28,763 INFO org.apache.juli.logging.DirectJDKLog [restartedMain] Starting ProtocolHandler ["http-nio-8080"]
2019-07-24 19:27:28,911 INFO org.springframework.boot.web.embedded.tomcat.TomcatWebServer [restartedMain] Tomcat started on port(s): 8080 (http) with context path ''
2019-07-24 19:27:28,935 INFO org.springframework.boot.StartupInfoLogger [restartedMain] Started SicecdApplication in 24.45 seconds (JVM running for 34.06)
2019-07-24 19:32:33,398 INFO org.springframework.boot.admin.SpringApplicationAdminMXBeanRegistrar$SpringApplicationAdmin [RMI TCP Connection(15)-127.0.0.1] Application shutdown requested.
2019-07-24 19:32:33,415 INFO org.springframework.scheduling.concurrent.ExecutorConfigurationSupport [RMI TCP Connection(15)-127.0.0.1] Shutting down ExecutorService 'taskScheduler'
2019-07-24 19:32:33,440 INFO org.springframework.orm.jpa.AbstractEntityManagerFactoryBean [RMI TCP Connection(15)-127.0.0.1] Closing JPA EntityManagerFactory for persistence unit 'default'
2019-07-24 19:32:33,447 INFO com.zaxxer.hikari.HikariDataSource [RMI TCP Connection(15)-127.0.0.1] HikariPool-1 - Shutdown initiated...
2019-07-24 19:32:33,528 INFO com.zaxxer.hikari.HikariDataSource [RMI TCP Connection(15)-127.0.0.1] HikariPool-1 - Shutdown completed.
2019-07-24 19:37:16,165 INFO org.springframework.boot.StartupInfoLogger [restartedMain] Starting SicecdApplication on Developer with PID 3228 (C:\Eclipse\SICECD\ProyectoUNAM\SICECD\target\classes started by JuanCarlos in C:\Eclipse\SICECD\ProyectoUNAM\SICECD)
2019-07-24 19:37:16,172 INFO org.springframework.boot.SpringApplication [restartedMain] No active profile set, falling back to default profiles: default
2019-07-24 19:37:16,369 INFO org.springframework.boot.logging.DeferredLog [restartedMain] Devtools property defaults active! Set 'spring.devtools.add-properties' to 'false' to disable
2019-07-24 19:37:16,370 INFO org.springframework.boot.logging.DeferredLog [restartedMain] For additional web related logging consider setting the 'logging.level.web' property to 'DEBUG'
2019-07-24 19:37:20,769 INFO org.springframework.data.repository.config.RepositoryConfigurationDelegate [restartedMain] Bootstrapping Spring Data repositories in DEFAULT mode.
2019-07-24 19:37:23,635 INFO org.springframework.data.repository.config.RepositoryConfigurationDelegate [restartedMain] Finished Spring Data repository scanning in 548ms. Found 23 repository interfaces.
2019-07-24 19:37:24,875 INFO org.springframework.context.support.PostProcessorRegistrationDelegate$BeanPostProcessorChecker [restartedMain] Bean 'org.springframework.transaction.annotation.ProxyTransactionManagementConfiguration' of type [org.springframework.transaction.annotation.ProxyTransactionManagementConfiguration$$EnhancerBySpringCGLIB$$b5237fe] is not eligible for getting processed by all BeanPostProcessors (for example: not eligible for auto-proxying)
2019-07-24 19:37:26,566 INFO org.springframework.boot.web.embedded.tomcat.TomcatWebServer [restartedMain] Tomcat initialized with port(s): 8080 (http)
2019-07-24 19:37:26,615 INFO org.apache.juli.logging.DirectJDKLog [restartedMain] Initializing ProtocolHandler ["http-nio-8080"]
2019-07-24 19:37:26,669 INFO org.apache.juli.logging.DirectJDKLog [restartedMain] Starting service [Tomcat]
2019-07-24 19:37:26,683 INFO org.apache.juli.logging.DirectJDKLog [restartedMain] Starting Servlet engine: [Apache Tomcat/9.0.16]
2019-07-24 19:37:26,736 INFO org.apache.juli.logging.DirectJDKLog [restartedMain] The APR based Apache Tomcat Native library which allows optimal performance in production environments was not found on the java.library.path: [C:\Java\jdk-11.0.2\bin;C:\WINDOWS\Sun\Java\bin;C:\WINDOWS\system32;C:\WINDOWS;C:\Program Files (x86)\Common Files\Oracle\Java\javapath;C:\Program Files (x86)\AMD APP\bin\x86_64;C:\Program Files (x86)\AMD APP\bin\x86;C:\WINDOWS\system32;C:\WINDOWS;C:\WINDOWS\System32\Wbem;C:\WINDOWS\System32\WindowsPowerShell\v1.0\;C:\Program Files (x86)\Windows Live\Shared;C:\Program Files (x86)\ATI Technologies\ATI.ACE\Core-Static;C:\Program Files (x86)\AMD\ATI.ACE\Core-Static;C:\Users\JuanCarlos\AppData\Local\Programs\Python\Python37-32\Scripts\;C:\Users\JuanCarlos\AppData\Local\Programs\Python\Python37-32\;.]
2019-07-24 19:37:27,283 INFO org.apache.juli.logging.DirectJDKLog [restartedMain] Initializing Spring embedded WebApplicationContext
2019-07-24 19:37:27,285 INFO org.springframework.boot.web.servlet.context.ServletWebServerApplicationContext [restartedMain] Root WebApplicationContext: initialization completed in 10914 ms
2019-07-24 19:37:28,095 INFO com.zaxxer.hikari.HikariDataSource [restartedMain] HikariPool-1 - Starting...
2019-07-24 19:37:28,380 INFO com.zaxxer.hikari.HikariDataSource [restartedMain] HikariPool-1 - Start completed.
2019-07-24 19:37:28,507 INFO org.hibernate.jpa.internal.util.LogHelper [restartedMain] HHH000204: Processing PersistenceUnitInfo [
	name: default
	...]
2019-07-24 19:37:28,727 INFO org.hibernate.Version [restartedMain] HHH000412: Hibernate Core {5.3.7.Final}
2019-07-24 19:37:28,758 INFO org.hibernate.cfg.Environment [restartedMain] HHH000206: hibernate.properties not found
2019-07-24 19:37:29,141 INFO org.hibernate.annotations.common.reflection.java.JavaReflectionManager [restartedMain] HCANN000001: Hibernate Commons Annotations {5.0.4.Final}
2019-07-24 19:37:30,207 INFO org.hibernate.dialect.Dialect [restartedMain] HHH000400: Using dialect: org.hibernate.dialect.PostgreSQLDialect
2019-07-24 19:37:30,514 INFO org.hibernate.engine.jdbc.env.internal.LobCreatorBuilderImpl [restartedMain] HHH000421: Disabling contextual LOB creation as hibernate.jdbc.lob.non_contextual_creation is true
2019-07-24 19:37:30,574 INFO org.hibernate.type.BasicTypeRegistry [restartedMain] HHH000270: Type registration [java.util.UUID] overrides previous : org.hibernate.type.UUIDBinaryType@62ed8de5
2019-07-24 19:37:35,936 INFO org.springframework.orm.jpa.AbstractEntityManagerFactoryBean [restartedMain] Initialized JPA EntityManagerFactory for persistence unit 'default'
2019-07-24 19:37:36,048 INFO org.springframework.boot.devtools.autoconfigure.OptionalLiveReloadServer [restartedMain] LiveReload server is running on port 35729
2019-07-24 19:37:38,323 INFO org.hibernate.hql.internal.QueryTranslatorFactoryInitiator [restartedMain] HHH000397: Using ASTQueryTranslatorFactory
2019-07-24 19:37:39,388 INFO org.springframework.security.web.DefaultSecurityFilterChain [restartedMain] Creating filter chain: any request, [org.springframework.security.web.context.request.async.WebAsyncManagerIntegrationFilter@1db42063, org.springframework.security.web.context.SecurityContextPersistenceFilter@9c2e827, org.springframework.security.web.header.HeaderWriterFilter@1f41a60, org.springframework.security.web.authentication.logout.LogoutFilter@68d7568d, org.springframework.security.web.authentication.UsernamePasswordAuthenticationFilter@5e404d8b, org.springframework.security.web.savedrequest.RequestCacheAwareFilter@1580e69e, org.springframework.security.web.servletapi.SecurityContextHolderAwareRequestFilter@1ec74c56, org.springframework.security.web.authentication.AnonymousAuthenticationFilter@7a1dfa48, org.springframework.security.web.session.SessionManagementFilter@2417df2f, org.springframework.security.web.access.ExceptionTranslationFilter@38c5e50, org.springframework.security.web.access.intercept.FilterSecurityInterceptor@391afd9]
2019-07-24 19:37:39,463 WARN org.springframework.boot.autoconfigure.orm.jpa.JpaBaseConfiguration$JpaWebConfiguration$JpaWebMvcConfiguration [restartedMain] spring.jpa.open-in-view is enabled by default. Therefore, database queries may be performed during view rendering. Explicitly configure spring.jpa.open-in-view to disable this warning
2019-07-24 19:37:40,181 WARN org.springframework.boot.autoconfigure.batch.JpaBatchConfigurer [restartedMain] JPA does not support custom isolation levels, so locks may not be taken when launching Jobs
2019-07-24 19:37:40,190 INFO org.springframework.batch.core.repository.support.JobRepositoryFactoryBean [restartedMain] No database type set, using meta data indicating: POSTGRES
2019-07-24 19:37:40,236 INFO org.springframework.batch.core.launch.support.SimpleJobLauncher [restartedMain] No TaskExecutor has been set, defaulting to synchronous executor.
2019-07-24 19:37:40,433 INFO org.springframework.scheduling.concurrent.ExecutorConfigurationSupport [restartedMain] Initializing ExecutorService 'taskScheduler'
2019-07-24 19:37:40,990 INFO org.apache.juli.logging.DirectJDKLog [restartedMain] Starting ProtocolHandler ["http-nio-8080"]
2019-07-24 19:37:41,036 INFO org.springframework.boot.web.embedded.tomcat.TomcatWebServer [restartedMain] Tomcat started on port(s): 8080 (http) with context path ''
2019-07-24 19:37:41,055 INFO org.springframework.boot.StartupInfoLogger [restartedMain] Started SicecdApplication in 25.709 seconds (JVM running for 28.439)
2019-07-24 19:39:36,083 INFO org.springframework.boot.admin.SpringApplicationAdminMXBeanRegistrar$SpringApplicationAdmin [RMI TCP Connection(14)-127.0.0.1] Application shutdown requested.
2019-07-24 19:39:36,101 INFO org.springframework.scheduling.concurrent.ExecutorConfigurationSupport [RMI TCP Connection(14)-127.0.0.1] Shutting down ExecutorService 'taskScheduler'
2019-07-24 19:39:36,116 INFO org.springframework.orm.jpa.AbstractEntityManagerFactoryBean [RMI TCP Connection(14)-127.0.0.1] Closing JPA EntityManagerFactory for persistence unit 'default'
2019-07-24 19:39:36,132 INFO com.zaxxer.hikari.HikariDataSource [RMI TCP Connection(14)-127.0.0.1] HikariPool-1 - Shutdown initiated...
2019-07-24 19:39:36,147 INFO com.zaxxer.hikari.HikariDataSource [RMI TCP Connection(14)-127.0.0.1] HikariPool-1 - Shutdown completed.
